<?xml version="1.0" encoding="UTF-8"?>
<testsuite xmlns:xsi="http://www.w3.org/2001/XMLSchema-instance" xsi:noNamespaceSchemaLocation="https://maven.apache.org/surefire/maven-surefire-plugin/xsd/surefire-test-report-3.0.xsd" version="3.0" name="com.erkang.controller.RTCControllerTest" time="0.35" tests="10" errors="0" skipped="0" failures="0">
  <properties>
[...]
</properties>
  <testcase name="leaveRoom shouldLogUserLeave" classname="com.erkang.controller.RTCControllerTest" time="0.235">
    <system-out><![CDATA[23:46:41.591 [main] INFO com.erkang.controller.RTCController -- 用户离开RTC房间: userId=null, consultationId=3081
23:46:41.591 [main] INFO com.erkang.controller.RTCController -- 用户离开RTC房间: userId=null, consultationId=1
23:46:41.591 [main] INFO com.erkang.controller.RTCController -- 用户离开RTC房间: userId=null, consultationId=169
23:46:41.592 [main] INFO com.erkang.controller.RTCController -- 用户离开RTC房间: userId=null, consultationId=2
23:46:41.592 [main] INFO com.erkang.controller.RTCController -- 用户离开RTC房间: userId=null, consultationId=8
23:46:41.592 [main] INFO com.erkang.controller.RTCController -- 用户离开RTC房间: userId=null, consultationId=23
23:46:41.593 [main] INFO com.erkang.controller.RTCController -- 用户离开RTC房间: userId=null, consultationId=1030
23:46:41.593 [main] INFO com.erkang.controller.RTCController -- 用户离开RTC房间: userId=null, consultationId=1059
23:46:41.593 [main] INFO com.erkang.controller.RTCController -- 用户离开RTC房间: userId=null, consultationId=9999
23:46:41.593 [main] INFO com.erkang.controller.RTCController -- 用户离开RTC房间: userId=null, consultationId=1
23:46:41.593 [main] INFO com.erkang.controller.RTCController -- 用户离开RTC房间: userId=null, consultationId=2629
23:46:41.593 [main] INFO com.erkang.controller.RTCController -- 用户离开RTC房间: userId=null, consultationId=6
23:46:41.593 [main] INFO com.erkang.controller.RTCController -- 用户离开RTC房间: userId=null, consultationId=2574
23:46:41.593 [main] INFO com.erkang.controller.RTCController -- 用户离开RTC房间: userId=null, consultationId=736
23:46:41.593 [main] INFO com.erkang.controller.RTCController -- 用户离开RTC房间: userId=null, consultationId=631
23:46:41.595 [main] INFO com.erkang.controller.RTCController -- 用户离开RTC房间: userId=null, consultationId=1
23:46:41.596 [main] INFO com.erkang.controller.RTCController -- 用户离开RTC房间: userId=null, consultationId=30
23:46:41.596 [main] INFO com.erkang.controller.RTCController -- 用户离开RTC房间: userId=null, consultationId=940
23:46:41.596 [main] INFO com.erkang.controller.RTCController -- 用户离开RTC房间: userId=null, consultationId=81
23:46:41.596 [main] INFO com.erkang.controller.RTCController -- 用户离开RTC房间: userId=null, consultationId=101
23:46:41.596 [main] INFO com.erkang.controller.RTCController -- 用户离开RTC房间: userId=null, consultationId=361
23:46:41.596 [main] INFO com.erkang.controller.RTCController -- 用户离开RTC房间: userId=null, consultationId=188
23:46:41.596 [main] INFO com.erkang.controller.RTCController -- 用户离开RTC房间: userId=null, consultationId=50
23:46:41.596 [main] INFO com.erkang.controller.RTCController -- 用户离开RTC房间: userId=null, consultationId=2296
23:46:41.596 [main] INFO com.erkang.controller.RTCController -- 用户离开RTC房间: userId=null, consultationId=23
23:46:41.596 [main] INFO com.erkang.controller.RTCController -- 用户离开RTC房间: userId=null, consultationId=219
23:46:41.596 [main] INFO com.erkang.controller.RTCController -- 用户离开RTC房间: userId=null, consultationId=7603
23:46:41.596 [main] INFO com.erkang.controller.RTCController -- 用户离开RTC房间: userId=null, consultationId=975
23:46:41.597 [main] INFO com.erkang.controller.RTCController -- 用户离开RTC房间: userId=null, consultationId=2013
23:46:41.597 [main] INFO com.erkang.controller.RTCController -- 用户离开RTC房间: userId=null, consultationId=4107
23:46:41.597 [main] INFO com.erkang.controller.RTCController -- 用户离开RTC房间: userId=null, consultationId=13
23:46:41.597 [main] INFO com.erkang.controller.RTCController -- 用户离开RTC房间: userId=null, consultationId=429
23:46:41.597 [main] INFO com.erkang.controller.RTCController -- 用户离开RTC房间: userId=null, consultationId=114
23:46:41.597 [main] INFO com.erkang.controller.RTCController -- 用户离开RTC房间: userId=null, consultationId=8
23:46:41.597 [main] INFO com.erkang.controller.RTCController -- 用户离开RTC房间: userId=null, consultationId=60
23:46:41.597 [main] INFO com.erkang.controller.RTCController -- 用户离开RTC房间: userId=null, consultationId=22
23:46:41.597 [main] INFO com.erkang.controller.RTCController -- 用户离开RTC房间: userId=null, consultationId=23
23:46:41.597 [main] INFO com.erkang.controller.RTCController -- 用户离开RTC房间: userId=null, consultationId=4924
23:46:41.598 [main] INFO com.erkang.controller.RTCController -- 用户离开RTC房间: userId=null, consultationId=17
23:46:41.598 [main] INFO com.erkang.controller.RTCController -- 用户离开RTC房间: userId=null, consultationId=2568
23:46:41.598 [main] INFO com.erkang.controller.RTCController -- 用户离开RTC房间: userId=null, consultationId=9999
23:46:41.598 [main] INFO com.erkang.controller.RTCController -- 用户离开RTC房间: userId=null, consultationId=13
23:46:41.598 [main] INFO com.erkang.controller.RTCController -- 用户离开RTC房间: userId=null, consultationId=255
23:46:41.598 [main] INFO com.erkang.controller.RTCController -- 用户离开RTC房间: userId=null, consultationId=6
23:46:41.598 [main] INFO com.erkang.controller.RTCController -- 用户离开RTC房间: userId=null, consultationId=90
23:46:41.598 [main] INFO com.erkang.controller.RTCController -- 用户离开RTC房间: userId=null, consultationId=2
23:46:41.598 [main] INFO com.erkang.controller.RTCController -- 用户离开RTC房间: userId=null, consultationId=1
23:46:41.599 [main] INFO com.erkang.controller.RTCController -- 用户离开RTC房间: userId=null, consultationId=26
23:46:41.599 [main] INFO com.erkang.controller.RTCController -- 用户离开RTC房间: userId=null, consultationId=927
23:46:41.599 [main] INFO com.erkang.controller.RTCController -- 用户离开RTC房间: userId=null, consultationId=16
23:46:41.599 [main] INFO com.erkang.controller.RTCController -- 用户离开RTC房间: userId=null, consultationId=2401
23:46:41.599 [main] INFO com.erkang.controller.RTCController -- 用户离开RTC房间: userId=null, consultationId=341
23:46:41.599 [main] INFO com.erkang.controller.RTCController -- 用户离开RTC房间: userId=null, consultationId=145
23:46:41.599 [main] INFO com.erkang.controller.RTCController -- 用户离开RTC房间: userId=null, consultationId=9708
23:46:41.599 [main] INFO com.erkang.controller.RTCController -- 用户离开RTC房间: userId=null, consultationId=1801
23:46:41.599 [main] INFO com.erkang.controller.RTCController -- 用户离开RTC房间: userId=null, consultationId=2
23:46:41.599 [main] INFO com.erkang.controller.RTCController -- 用户离开RTC房间: userId=null, consultationId=12
23:46:41.599 [main] INFO com.erkang.controller.RTCController -- 用户离开RTC房间: userId=null, consultationId=6009
23:46:41.599 [main] INFO com.erkang.controller.RTCController -- 用户离开RTC房间: userId=null, consultationId=732
23:46:41.599 [main] INFO com.erkang.controller.RTCController -- 用户离开RTC房间: userId=null, consultationId=8280
23:46:41.599 [main] INFO com.erkang.controller.RTCController -- 用户离开RTC房间: userId=null, consultationId=333
23:46:41.599 [main] INFO com.erkang.controller.RTCController -- 用户离开RTC房间: userId=null, consultationId=333
23:46:41.599 [main] INFO com.erkang.controller.RTCController -- 用户离开RTC房间: userId=null, consultationId=6897
23:46:41.599 [main] INFO com.erkang.controller.RTCController -- 用户离开RTC房间: userId=null, consultationId=8625
23:46:41.599 [main] INFO com.erkang.controller.RTCController -- 用户离开RTC房间: userId=null, consultationId=100
23:46:41.599 [main] INFO com.erkang.controller.RTCController -- 用户离开RTC房间: userId=null, consultationId=14
23:46:41.599 [main] INFO com.erkang.controller.RTCController -- 用户离开RTC房间: userId=null, consultationId=267
23:46:41.601 [main] INFO com.erkang.controller.RTCController -- 用户离开RTC房间: userId=null, consultationId=54
23:46:41.601 [main] INFO com.erkang.controller.RTCController -- 用户离开RTC房间: userId=null, consultationId=2227
23:46:41.601 [main] INFO com.erkang.controller.RTCController -- 用户离开RTC房间: userId=null, consultationId=2208
23:46:41.601 [main] INFO com.erkang.controller.RTCController -- 用户离开RTC房间: userId=null, consultationId=938
23:46:41.601 [main] INFO com.erkang.controller.RTCController -- 用户离开RTC房间: userId=null, consultationId=232
23:46:41.601 [main] INFO com.erkang.controller.RTCController -- 用户离开RTC房间: userId=null, consultationId=54
23:46:41.601 [main] INFO com.erkang.controller.RTCController -- 用户离开RTC房间: userId=null, consultationId=3054
23:46:41.601 [main] INFO com.erkang.controller.RTCController -- 用户离开RTC房间: userId=null, consultationId=37
23:46:41.601 [main] INFO com.erkang.controller.RTCController -- 用户离开RTC房间: userId=null, consultationId=5090
23:46:41.601 [main] INFO com.erkang.controller.RTCController -- 用户离开RTC房间: userId=null, consultationId=153
23:46:41.601 [main] INFO com.erkang.controller.RTCController -- 用户离开RTC房间: userId=null, consultationId=2403
23:46:41.601 [main] INFO com.erkang.controller.RTCController -- 用户离开RTC房间: userId=null, consultationId=213
23:46:41.601 [main] INFO com.erkang.controller.RTCController -- 用户离开RTC房间: userId=null, consultationId=5440
23:46:41.601 [main] INFO com.erkang.controller.RTCController -- 用户离开RTC房间: userId=null, consultationId=765
23:46:41.601 [main] INFO com.erkang.controller.RTCController -- 用户离开RTC房间: userId=null, consultationId=40
23:46:41.601 [main] INFO com.erkang.controller.RTCController -- 用户离开RTC房间: userId=null, consultationId=227
23:46:41.601 [main] INFO com.erkang.controller.RTCController -- 用户离开RTC房间: userId=null, consultationId=1
23:46:41.601 [main] INFO com.erkang.controller.RTCController -- 用户离开RTC房间: userId=null, consultationId=55
23:46:41.601 [main] INFO com.erkang.controller.RTCController -- 用户离开RTC房间: userId=null, consultationId=8
23:46:41.601 [main] INFO com.erkang.controller.RTCController -- 用户离开RTC房间: userId=null, consultationId=5
23:46:41.601 [main] INFO com.erkang.controller.RTCController -- 用户离开RTC房间: userId=null, consultationId=304
23:46:41.602 [main] INFO com.erkang.controller.RTCController -- 用户离开RTC房间: userId=null, consultationId=42
23:46:41.602 [main] INFO com.erkang.controller.RTCController -- 用户离开RTC房间: userId=null, consultationId=40
23:46:41.602 [main] INFO com.erkang.controller.RTCController -- 用户离开RTC房间: userId=null, consultationId=6135
23:46:41.602 [main] INFO com.erkang.controller.RTCController -- 用户离开RTC房间: userId=null, consultationId=1388
23:46:41.602 [main] INFO com.erkang.controller.RTCController -- 用户离开RTC房间: userId=null, consultationId=262
23:46:41.602 [main] INFO com.erkang.controller.RTCController -- 用户离开RTC房间: userId=null, consultationId=3046
23:46:41.602 [main] INFO com.erkang.controller.RTCController -- 用户离开RTC房间: userId=null, consultationId=7044
23:46:41.602 [main] INFO com.erkang.controller.RTCController -- 用户离开RTC房间: userId=null, consultationId=6
23:46:41.602 [main] INFO com.erkang.controller.RTCController -- 用户离开RTC房间: userId=null, consultationId=31
23:46:41.602 [main] INFO com.erkang.controller.RTCController -- 用户离开RTC房间: userId=null, consultationId=9836
23:46:41.602 [main] INFO com.erkang.controller.RTCController -- 用户离开RTC房间: userId=null, consultationId=2357
23:46:41.602 [main] INFO com.erkang.controller.RTCController -- 用户离开RTC房间: userId=null, consultationId=2663
timestamp = 2025-12-31T23:46:41.603921500, RTCControllerTest:leaveRoom shouldLogUserLeave = 
                              |-----------------------jqwik-----------------------
tries = 100                   | # of calls to property
checks = 100                  | # of not rejected calls
generation = RANDOMIZED       | parameters are randomly generated
after-failure = SAMPLE_FIRST  | try previously failed sample, then previous seed
when-fixed-seed = ALLOW       | fixing the random seed is allowed
edge-cases#mode = MIXIN       | edge cases are mixed in
edge-cases#total = 4          | # of all combined edge cases
edge-cases#tried = 2          | # of edge cases tried in current run
seed = 8495330635231676412    | random seed to reproduce generated values


]]></system-out>
  </testcase>
  <testcase name="consultationStatus shouldAllowVideoJoin" classname="com.erkang.controller.RTCControllerTest" time="0.004">
    <system-out><![CDATA[timestamp = 2025-12-31T23:46:41.608445800, RTCControllerTest:consultationStatus shouldAllowVideoJoin = 
                              |-----------------------jqwik-----------------------
tries = 2                     | # of calls to property
checks = 2                    | # of not rejected calls
generation = EXHAUSTIVE       | parameters are exhaustively generated
after-failure = SAMPLE_FIRST  | try previously failed sample, then previous seed
when-fixed-seed = ALLOW       | fixing the random seed is allowed
edge-cases#mode = MIXIN       | edge cases are mixed in
edge-cases#total = 0          | # of all combined edge cases
edge-cases#tried = 0          | # of edge cases tried in current run
seed = -1571046424100044794   | random seed to reproduce generated values


]]></system-out>
  </testcase>
  <testcase name="roomId shouldContainConsultationId" classname="com.erkang.controller.RTCControllerTest" time="0.01">
    <system-out><![CDATA[timestamp = 2025-12-31T23:46:41.618540400, RTCControllerTest:roomId shouldContainConsultationId = 
                              |-----------------------jqwik-----------------------
tries = 100                   | # of calls to property
checks = 100                  | # of not rejected calls
generation = RANDOMIZED       | parameters are randomly generated
after-failure = SAMPLE_FIRST  | try previously failed sample, then previous seed
when-fixed-seed = ALLOW       | fixing the random seed is allowed
edge-cases#mode = MIXIN       | edge cases are mixed in
edge-cases#total = 4          | # of all combined edge cases
edge-cases#tried = 4          | # of edge cases tried in current run
seed = -6012679699907763144   | random seed to reproduce generated values


]]></system-out>
  </testcase>
  <testcase name="userBelonging shouldBeValidated" classname="com.erkang.controller.RTCControllerTest" time="0.017">
    <system-out><![CDATA[timestamp = 2025-12-31T23:46:41.636608800, RTCControllerTest:userBelonging shouldBeValidated = 
                              |-----------------------jqwik-----------------------
tries = 100                   | # of calls to property
checks = 100                  | # of not rejected calls
generation = RANDOMIZED       | parameters are randomly generated
after-failure = SAMPLE_FIRST  | try previously failed sample, then previous seed
when-fixed-seed = ALLOW       | fixing the random seed is allowed
edge-cases#mode = MIXIN       | edge cases are mixed in
edge-cases#total = 128        | # of all combined edge cases
edge-cases#tried = 16         | # of edge cases tried in current run
seed = 1508201316675231775    | random seed to reproduce generated values


]]></system-out>
    <system-err><![CDATA[12月 31, 2025 11:46:41 下午 net.jqwik.engine.properties.RandomizedShrinkablesGenerator logEdgeCasesOutnumberTriesIfApplicable
信息: Edge case generation exceeds number of tries. Stopped after 128 generated cases.
]]></system-err>
  </testcase>
  <testcase name="tokenExpireTime shouldBeInFuture" classname="com.erkang.controller.RTCControllerTest" time="0.007">
    <system-out><![CDATA[timestamp = 2025-12-31T23:46:41.642525800, RTCControllerTest:tokenExpireTime shouldBeInFuture = 
                              |-----------------------jqwik-----------------------
tries = 24                    | # of calls to property
checks = 24                   | # of not rejected calls
generation = EXHAUSTIVE       | parameters are exhaustively generated
after-failure = SAMPLE_FIRST  | try previously failed sample, then previous seed
when-fixed-seed = ALLOW       | fixing the random seed is allowed
edge-cases#mode = MIXIN       | edge cases are mixed in
edge-cases#total = 0          | # of all combined edge cases
edge-cases#tried = 0          | # of edge cases tried in current run
seed = 3781579107396797087    | random seed to reproduce generated values


]]></system-out>
  </testcase>
  <testcase name="joinRoom shouldLogUserJoin" classname="com.erkang.controller.RTCControllerTest" time="0.014">
    <system-out><![CDATA[23:46:41.646 [main] INFO com.erkang.controller.RTCController -- 用户加入RTC房间: userId=null, consultationId=5
23:46:41.647 [main] INFO com.erkang.controller.RTCController -- 用户加入RTC房间: userId=null, consultationId=4077
23:46:41.647 [main] INFO com.erkang.controller.RTCController -- 用户加入RTC房间: userId=null, consultationId=951
23:46:41.647 [main] INFO com.erkang.controller.RTCController -- 用户加入RTC房间: userId=null, consultationId=4964
23:46:41.647 [main] INFO com.erkang.controller.RTCController -- 用户加入RTC房间: userId=null, consultationId=387
23:46:41.647 [main] INFO com.erkang.controller.RTCController -- 用户加入RTC房间: userId=null, consultationId=218
23:46:41.647 [main] INFO com.erkang.controller.RTCController -- 用户加入RTC房间: userId=null, consultationId=9
23:46:41.647 [main] INFO com.erkang.controller.RTCController -- 用户加入RTC房间: userId=null, consultationId=23
23:46:41.647 [main] INFO com.erkang.controller.RTCController -- 用户加入RTC房间: userId=null, consultationId=281
23:46:41.648 [main] INFO com.erkang.controller.RTCController -- 用户加入RTC房间: userId=null, consultationId=114
23:46:41.648 [main] INFO com.erkang.controller.RTCController -- 用户加入RTC房间: userId=null, consultationId=26
23:46:41.648 [main] INFO com.erkang.controller.RTCController -- 用户加入RTC房间: userId=null, consultationId=6
23:46:41.648 [main] INFO com.erkang.controller.RTCController -- 用户加入RTC房间: userId=null, consultationId=13
23:46:41.648 [main] INFO com.erkang.controller.RTCController -- 用户加入RTC房间: userId=null, consultationId=2
23:46:41.649 [main] INFO com.erkang.controller.RTCController -- 用户加入RTC房间: userId=null, consultationId=34
23:46:41.650 [main] INFO com.erkang.controller.RTCController -- 用户加入RTC房间: userId=null, consultationId=4
23:46:41.650 [main] INFO com.erkang.controller.RTCController -- 用户加入RTC房间: userId=null, consultationId=367
23:46:41.650 [main] INFO com.erkang.controller.RTCController -- 用户加入RTC房间: userId=null, consultationId=68
23:46:41.650 [main] INFO com.erkang.controller.RTCController -- 用户加入RTC房间: userId=null, consultationId=254
23:46:41.650 [main] INFO com.erkang.controller.RTCController -- 用户加入RTC房间: userId=null, consultationId=3
23:46:41.650 [main] INFO com.erkang.controller.RTCController -- 用户加入RTC房间: userId=null, consultationId=77
23:46:41.650 [main] INFO com.erkang.controller.RTCController -- 用户加入RTC房间: userId=null, consultationId=5245
23:46:41.650 [main] INFO com.erkang.controller.RTCController -- 用户加入RTC房间: userId=null, consultationId=423
23:46:41.650 [main] INFO com.erkang.controller.RTCController -- 用户加入RTC房间: userId=null, consultationId=1
23:46:41.651 [main] INFO com.erkang.controller.RTCController -- 用户加入RTC房间: userId=null, consultationId=3116
23:46:41.651 [main] INFO com.erkang.controller.RTCController -- 用户加入RTC房间: userId=null, consultationId=2970
23:46:41.651 [main] INFO com.erkang.controller.RTCController -- 用户加入RTC房间: userId=null, consultationId=15
23:46:41.651 [main] INFO com.erkang.controller.RTCController -- 用户加入RTC房间: userId=null, consultationId=2628
23:46:41.651 [main] INFO com.erkang.controller.RTCController -- 用户加入RTC房间: userId=null, consultationId=27
23:46:41.651 [main] INFO com.erkang.controller.RTCController -- 用户加入RTC房间: userId=null, consultationId=34
23:46:41.651 [main] INFO com.erkang.controller.RTCController -- 用户加入RTC房间: userId=null, consultationId=29
23:46:41.651 [main] INFO com.erkang.controller.RTCController -- 用户加入RTC房间: userId=null, consultationId=36
23:46:41.651 [main] INFO com.erkang.controller.RTCController -- 用户加入RTC房间: userId=null, consultationId=31
23:46:41.652 [main] INFO com.erkang.controller.RTCController -- 用户加入RTC房间: userId=null, consultationId=8
23:46:41.652 [main] INFO com.erkang.controller.RTCController -- 用户加入RTC房间: userId=null, consultationId=323
23:46:41.652 [main] INFO com.erkang.controller.RTCController -- 用户加入RTC房间: userId=null, consultationId=6377
23:46:41.652 [main] INFO com.erkang.controller.RTCController -- 用户加入RTC房间: userId=null, consultationId=10000
23:46:41.652 [main] INFO com.erkang.controller.RTCController -- 用户加入RTC房间: userId=null, consultationId=7796
23:46:41.652 [main] INFO com.erkang.controller.RTCController -- 用户加入RTC房间: userId=null, consultationId=1071
23:46:41.652 [main] INFO com.erkang.controller.RTCController -- 用户加入RTC房间: userId=null, consultationId=2949
23:46:41.652 [main] INFO com.erkang.controller.RTCController -- 用户加入RTC房间: userId=null, consultationId=822
23:46:41.653 [main] INFO com.erkang.controller.RTCController -- 用户加入RTC房间: userId=null, consultationId=1669
23:46:41.653 [main] INFO com.erkang.controller.RTCController -- 用户加入RTC房间: userId=null, consultationId=1044
23:46:41.653 [main] INFO com.erkang.controller.RTCController -- 用户加入RTC房间: userId=null, consultationId=378
23:46:41.653 [main] INFO com.erkang.controller.RTCController -- 用户加入RTC房间: userId=null, consultationId=4829
23:46:41.653 [main] INFO com.erkang.controller.RTCController -- 用户加入RTC房间: userId=null, consultationId=35
23:46:41.653 [main] INFO com.erkang.controller.RTCController -- 用户加入RTC房间: userId=null, consultationId=9999
23:46:41.653 [main] INFO com.erkang.controller.RTCController -- 用户加入RTC房间: userId=null, consultationId=2419
23:46:41.654 [main] INFO com.erkang.controller.RTCController -- 用户加入RTC房间: userId=null, consultationId=958
23:46:41.654 [main] INFO com.erkang.controller.RTCController -- 用户加入RTC房间: userId=null, consultationId=79
23:46:41.654 [main] INFO com.erkang.controller.RTCController -- 用户加入RTC房间: userId=null, consultationId=103
23:46:41.654 [main] INFO com.erkang.controller.RTCController -- 用户加入RTC房间: userId=null, consultationId=6
23:46:41.654 [main] INFO com.erkang.controller.RTCController -- 用户加入RTC房间: userId=null, consultationId=763
23:46:41.654 [main] INFO com.erkang.controller.RTCController -- 用户加入RTC房间: userId=null, consultationId=740
23:46:41.654 [main] INFO com.erkang.controller.RTCController -- 用户加入RTC房间: userId=null, consultationId=9
23:46:41.654 [main] INFO com.erkang.controller.RTCController -- 用户加入RTC房间: userId=null, consultationId=47
23:46:41.654 [main] INFO com.erkang.controller.RTCController -- 用户加入RTC房间: userId=null, consultationId=30
23:46:41.654 [main] INFO com.erkang.controller.RTCController -- 用户加入RTC房间: userId=null, consultationId=581
23:46:41.654 [main] INFO com.erkang.controller.RTCController -- 用户加入RTC房间: userId=null, consultationId=82
23:46:41.654 [main] INFO com.erkang.controller.RTCController -- 用户加入RTC房间: userId=null, consultationId=10000
23:46:41.654 [main] INFO com.erkang.controller.RTCController -- 用户加入RTC房间: userId=null, consultationId=2714
23:46:41.654 [main] INFO com.erkang.controller.RTCController -- 用户加入RTC房间: userId=null, consultationId=7212
23:46:41.654 [main] INFO com.erkang.controller.RTCController -- 用户加入RTC房间: userId=null, consultationId=76
23:46:41.654 [main] INFO com.erkang.controller.RTCController -- 用户加入RTC房间: userId=null, consultationId=8489
23:46:41.654 [main] INFO com.erkang.controller.RTCController -- 用户加入RTC房间: userId=null, consultationId=5267
23:46:41.654 [main] INFO com.erkang.controller.RTCController -- 用户加入RTC房间: userId=null, consultationId=1870
23:46:41.654 [main] INFO com.erkang.controller.RTCController -- 用户加入RTC房间: userId=null, consultationId=366
23:46:41.654 [main] INFO com.erkang.controller.RTCController -- 用户加入RTC房间: userId=null, consultationId=100
23:46:41.654 [main] INFO com.erkang.controller.RTCController -- 用户加入RTC房间: userId=null, consultationId=1
23:46:41.654 [main] INFO com.erkang.controller.RTCController -- 用户加入RTC房间: userId=null, consultationId=26
23:46:41.654 [main] INFO com.erkang.controller.RTCController -- 用户加入RTC房间: userId=null, consultationId=11
23:46:41.654 [main] INFO com.erkang.controller.RTCController -- 用户加入RTC房间: userId=null, consultationId=74
23:46:41.654 [main] INFO com.erkang.controller.RTCController -- 用户加入RTC房间: userId=null, consultationId=7992
23:46:41.654 [main] INFO com.erkang.controller.RTCController -- 用户加入RTC房间: userId=null, consultationId=4635
23:46:41.656 [main] INFO com.erkang.controller.RTCController -- 用户加入RTC房间: userId=null, consultationId=147
23:46:41.656 [main] INFO com.erkang.controller.RTCController -- 用户加入RTC房间: userId=null, consultationId=242
23:46:41.656 [main] INFO com.erkang.controller.RTCController -- 用户加入RTC房间: userId=null, consultationId=64
23:46:41.656 [main] INFO com.erkang.controller.RTCController -- 用户加入RTC房间: userId=null, consultationId=7
23:46:41.656 [main] INFO com.erkang.controller.RTCController -- 用户加入RTC房间: userId=null, consultationId=28
23:46:41.656 [main] INFO com.erkang.controller.RTCController -- 用户加入RTC房间: userId=null, consultationId=97
23:46:41.656 [main] INFO com.erkang.controller.RTCController -- 用户加入RTC房间: userId=null, consultationId=28
23:46:41.656 [main] INFO com.erkang.controller.RTCController -- 用户加入RTC房间: userId=null, consultationId=884
23:46:41.656 [main] INFO com.erkang.controller.RTCController -- 用户加入RTC房间: userId=null, consultationId=459
23:46:41.656 [main] INFO com.erkang.controller.RTCController -- 用户加入RTC房间: userId=null, consultationId=111
23:46:41.656 [main] INFO com.erkang.controller.RTCController -- 用户加入RTC房间: userId=null, consultationId=41
23:46:41.656 [main] INFO com.erkang.controller.RTCController -- 用户加入RTC房间: userId=null, consultationId=1314
23:46:41.656 [main] INFO com.erkang.controller.RTCController -- 用户加入RTC房间: userId=null, consultationId=32
23:46:41.656 [main] INFO com.erkang.controller.RTCController -- 用户加入RTC房间: userId=null, consultationId=501
23:46:41.656 [main] INFO com.erkang.controller.RTCController -- 用户加入RTC房间: userId=null, consultationId=8194
23:46:41.656 [main] INFO com.erkang.controller.RTCController -- 用户加入RTC房间: userId=null, consultationId=9072
23:46:41.656 [main] INFO com.erkang.controller.RTCController -- 用户加入RTC房间: userId=null, consultationId=9
23:46:41.656 [main] INFO com.erkang.controller.RTCController -- 用户加入RTC房间: userId=null, consultationId=1
23:46:41.656 [main] INFO com.erkang.controller.RTCController -- 用户加入RTC房间: userId=null, consultationId=13
23:46:41.656 [main] INFO com.erkang.controller.RTCController -- 用户加入RTC房间: userId=null, consultationId=18
23:46:41.656 [main] INFO com.erkang.controller.RTCController -- 用户加入RTC房间: userId=null, consultationId=3672
23:46:41.656 [main] INFO com.erkang.controller.RTCController -- 用户加入RTC房间: userId=null, consultationId=2591
23:46:41.656 [main] INFO com.erkang.controller.RTCController -- 用户加入RTC房间: userId=null, consultationId=75
23:46:41.657 [main] INFO com.erkang.controller.RTCController -- 用户加入RTC房间: userId=null, consultationId=2
23:46:41.657 [main] INFO com.erkang.controller.RTCController -- 用户加入RTC房间: userId=null, consultationId=858
23:46:41.657 [main] INFO com.erkang.controller.RTCController -- 用户加入RTC房间: userId=null, consultationId=121
timestamp = 2025-12-31T23:46:41.657834500, RTCControllerTest:joinRoom shouldLogUserJoin = 
                              |-----------------------jqwik-----------------------
tries = 100                   | # of calls to property
checks = 100                  | # of not rejected calls
generation = RANDOMIZED       | parameters are randomly generated
after-failure = SAMPLE_FIRST  | try previously failed sample, then previous seed
when-fixed-seed = ALLOW       | fixing the random seed is allowed
edge-cases#mode = MIXIN       | edge cases are mixed in
edge-cases#total = 4          | # of all combined edge cases
edge-cases#tried = 4          | # of edge cases tried in current run
seed = -2687584615317842810   | random seed to reproduce generated values


]]></system-out>
  </testcase>
  <testcase name="uid shouldBeNonEmptyString" classname="com.erkang.controller.RTCControllerTest" time="0.009">
    <system-out><![CDATA[timestamp = 2025-12-31T23:46:41.666154500, RTCControllerTest:uid shouldBeNonEmptyString = 
                              |-----------------------jqwik-----------------------
tries = 100                   | # of calls to property
checks = 100                  | # of not rejected calls
generation = RANDOMIZED       | parameters are randomly generated
after-failure = SAMPLE_FIRST  | try previously failed sample, then previous seed
when-fixed-seed = ALLOW       | fixing the random seed is allowed
edge-cases#mode = MIXIN       | edge cases are mixed in
edge-cases#total = 4          | # of all combined edge cases
edge-cases#tried = 3          | # of edge cases tried in current run
seed = 305691407548572182     | random seed to reproduce generated values


]]></system-out>
  </testcase>
  <testcase name="consultationStatus shouldNotAllowVideoJoin" classname="com.erkang.controller.RTCControllerTest" time="0.002">
    <system-out><![CDATA[timestamp = 2025-12-31T23:46:41.668146, RTCControllerTest:consultationStatus shouldNotAllowVideoJoin = 
                              |-----------------------jqwik-----------------------
tries = 2                     | # of calls to property
checks = 2                    | # of not rejected calls
generation = EXHAUSTIVE       | parameters are exhaustively generated
after-failure = SAMPLE_FIRST  | try previously failed sample, then previous seed
when-fixed-seed = ALLOW       | fixing the random seed is allowed
edge-cases#mode = MIXIN       | edge cases are mixed in
edge-cases#total = 0          | # of all combined edge cases
edge-cases#tried = 0          | # of edge cases tried in current run
seed = -8662220214000358025   | random seed to reproduce generated values


]]></system-out>
  </testcase>
  <testcase name="token shouldContainRequiredInfo" classname="com.erkang.controller.RTCControllerTest" time="0.016">
    <system-out><![CDATA[timestamp = 2025-12-31T23:46:41.685880700, RTCControllerTest:token shouldContainRequiredInfo = 
                              |-----------------------jqwik-----------------------
tries = 100                   | # of calls to property
checks = 100                  | # of not rejected calls
generation = RANDOMIZED       | parameters are randomly generated
after-failure = SAMPLE_FIRST  | try previously failed sample, then previous seed
when-fixed-seed = ALLOW       | fixing the random seed is allowed
edge-cases#mode = MIXIN       | edge cases are mixed in
edge-cases#total = 16         | # of all combined edge cases
edge-cases#tried = 14         | # of edge cases tried in current run
seed = 3182872315818029515    | random seed to reproduce generated values


]]></system-out>
  </testcase>
  <testcase name="getToken shouldReturnValidToken" classname="com.erkang.controller.RTCControllerTest" time="0.03">
    <system-out><![CDATA[timestamp = 2025-12-31T23:46:41.716220700, RTCControllerTest:getToken shouldReturnValidToken = 
                              |-----------------------jqwik-----------------------
tries = 100                   | # of calls to property
checks = 100                  | # of not rejected calls
generation = RANDOMIZED       | parameters are randomly generated
after-failure = SAMPLE_FIRST  | try previously failed sample, then previous seed
when-fixed-seed = ALLOW       | fixing the random seed is allowed
edge-cases#mode = MIXIN       | edge cases are mixed in
edge-cases#total = 16         | # of all combined edge cases
edge-cases#tried = 16         | # of edge cases tried in current run
seed = -8341971024460411826   | random seed to reproduce generated values


]]></system-out>
  </testcase>
</testsuite>