<?xml version="1.0" encoding="UTF-8"?>
<testsuite xmlns:xsi="http://www.w3.org/2001/XMLSchema-instance" xsi:noNamespaceSchemaLocation="https://maven.apache.org/surefire/maven-surefire-plugin/xsd/surefire-test-report-3.0.xsd" version="3.0" name="com.erkang.controller.StatsControllerTest" time="0.377" tests="10" errors="0" skipped="0" failures="0">
  <properties>
[...]
</properties>
  <testcase name="dateRange startShouldBeBeforeEnd" classname="com.erkang.controller.StatsControllerTest" time="0.072">
    <system-out><![CDATA[timestamp = 2025-12-31T23:46:41.791138400, StatsControllerTest:dateRange startShouldBeBeforeEnd = 
                              |-----------------------jqwik-----------------------
tries = 100                   | # of calls to property
checks = 100                  | # of not rejected calls
generation = RANDOMIZED       | parameters are randomly generated
after-failure = SAMPLE_FIRST  | try previously failed sample, then previous seed
when-fixed-seed = ALLOW       | fixing the random seed is allowed
edge-cases#mode = MIXIN       | edge cases are mixed in
edge-cases#total = 4          | # of all combined edge cases
edge-cases#tried = 4          | # of edge cases tried in current run
seed = -3735008166963768476   | random seed to reproduce generated values


]]></system-out>
  </testcase>
  <testcase name="exportStats shouldReturnExportData" classname="com.erkang.controller.StatsControllerTest" time="0.026">
    <system-out><![CDATA[timestamp = 2025-12-31T23:46:41.817549200, StatsControllerTest:exportStats shouldReturnExportData = 
                              |-----------------------jqwik-----------------------
tries = 50                    | # of calls to property
checks = 50                   | # of not rejected calls
generation = RANDOMIZED       | parameters are randomly generated
after-failure = SAMPLE_FIRST  | try previously failed sample, then previous seed
when-fixed-seed = ALLOW       | fixing the random seed is allowed
edge-cases#mode = MIXIN       | edge cases are mixed in
edge-cases#total = 8          | # of all combined edge cases
edge-cases#tried = 7          | # of edge cases tried in current run
seed = 1789513598993405163    | random seed to reproduce generated values


]]></system-out>
  </testcase>
  <testcase name="getPrescriptionReviewStats shouldReturnReviewStats" classname="com.erkang.controller.StatsControllerTest" time="0.034">
    <system-out><![CDATA[timestamp = 2025-12-31T23:46:41.852987900, StatsControllerTest:getPrescriptionReviewStats shouldReturnReviewStats = 
                              |-----------------------jqwik-----------------------
tries = 100                   | # of calls to property
checks = 100                  | # of not rejected calls
generation = RANDOMIZED       | parameters are randomly generated
after-failure = SAMPLE_FIRST  | try previously failed sample, then previous seed
when-fixed-seed = ALLOW       | fixing the random seed is allowed
edge-cases#mode = MIXIN       | edge cases are mixed in
edge-cases#total = 20         | # of all combined edge cases
edge-cases#tried = 12         | # of edge cases tried in current run
seed = 4565202605902623450    | random seed to reproduce generated values


]]></system-out>
  </testcase>
  <testcase name="percentage shouldBeBetweenZeroAndHundred" classname="com.erkang.controller.StatsControllerTest" time="0.009">
    <system-out><![CDATA[timestamp = 2025-12-31T23:46:41.860510700, StatsControllerTest:percentage shouldBeBetweenZeroAndHundred = 
                              |-----------------------jqwik-----------------------
tries = 100                   | # of calls to property
checks = 100                  | # of not rejected calls
generation = RANDOMIZED       | parameters are randomly generated
after-failure = SAMPLE_FIRST  | try previously failed sample, then previous seed
when-fixed-seed = ALLOW       | fixing the random seed is allowed
edge-cases#mode = MIXIN       | edge cases are mixed in
edge-cases#total = 5          | # of all combined edge cases
edge-cases#tried = 5          | # of edge cases tried in current run
seed = -3621421558510865284   | random seed to reproduce generated values


]]></system-out>
  </testcase>
  <testcase name="getDoctorStats shouldReturnDoctorStats" classname="com.erkang.controller.StatsControllerTest" time="0.037">
    <system-out><![CDATA[timestamp = 2025-12-31T23:46:41.899335500, StatsControllerTest:getDoctorStats shouldReturnDoctorStats = 
                              |-----------------------jqwik-----------------------
tries = 100                   | # of calls to property
checks = 100                  | # of not rejected calls
generation = RANDOMIZED       | parameters are randomly generated
after-failure = SAMPLE_FIRST  | try previously failed sample, then previous seed
when-fixed-seed = ALLOW       | fixing the random seed is allowed
edge-cases#mode = MIXIN       | edge cases are mixed in
edge-cases#total = 16         | # of all combined edge cases
edge-cases#tried = 7          | # of edge cases tried in current run
seed = 6293795157689578349    | random seed to reproduce generated values


]]></system-out>
  </testcase>
  <testcase name="statsValues completedShouldNotExceedTotal" classname="com.erkang.controller.StatsControllerTest" time="0.01">
    <system-out><![CDATA[timestamp = 2025-12-31T23:46:41.909471, StatsControllerTest:statsValues completedShouldNotExceedTotal = 
                              |-----------------------jqwik-----------------------
tries = 100                   | # of calls to property
checks = 100                  | # of not rejected calls
generation = RANDOMIZED       | parameters are randomly generated
after-failure = SAMPLE_FIRST  | try previously failed sample, then previous seed
when-fixed-seed = ALLOW       | fixing the random seed is allowed
edge-cases#mode = MIXIN       | edge cases are mixed in
edge-cases#total = 25         | # of all combined edge cases
edge-cases#tried = 18         | # of edge cases tried in current run
seed = -2450446818174215558   | random seed to reproduce generated values


]]></system-out>
  </testcase>
  <testcase name="getConsultationStats shouldReturnStats" classname="com.erkang.controller.StatsControllerTest" time="0.038">
    <system-out><![CDATA[timestamp = 2025-12-31T23:46:41.947912800, StatsControllerTest:getConsultationStats shouldReturnStats = 
                              |-----------------------jqwik-----------------------
tries = 100                   | # of calls to property
checks = 100                  | # of not rejected calls
generation = RANDOMIZED       | parameters are randomly generated
after-failure = SAMPLE_FIRST  | try previously failed sample, then previous seed
when-fixed-seed = ALLOW       | fixing the random seed is allowed
edge-cases#mode = MIXIN       | edge cases are mixed in
edge-cases#total = 100        | # of all combined edge cases
edge-cases#tried = 12         | # of edge cases tried in current run
seed = -7927201010877326936   | random seed to reproduce generated values


]]></system-out>
    <system-err><![CDATA[12月 31, 2025 11:46:41 下午 net.jqwik.engine.properties.RandomizedShrinkablesGenerator logEdgeCasesOutnumberTriesIfApplicable
信息: Edge case generation exceeds number of tries. Stopped after 100 generated cases.
]]></system-err>
  </testcase>
  <testcase name="getOverallStats shouldReturnAllStats" classname="com.erkang.controller.StatsControllerTest" time="0.009">
    <system-out><![CDATA[timestamp = 2025-12-31T23:46:41.958804300, StatsControllerTest:getOverallStats shouldReturnAllStats = 
                              |-----------------------jqwik-----------------------
tries = 30                    | # of calls to property
checks = 30                   | # of not rejected calls
generation = EXHAUSTIVE       | parameters are exhaustively generated
after-failure = SAMPLE_FIRST  | try previously failed sample, then previous seed
when-fixed-seed = ALLOW       | fixing the random seed is allowed
edge-cases#mode = MIXIN       | edge cases are mixed in
edge-cases#total = 0          | # of all combined edge cases
edge-cases#tried = 0          | # of edge cases tried in current run
seed = 1550925005816816170    | random seed to reproduce generated values


]]></system-out>
  </testcase>
  <testcase name="avgDuration shouldBeNonNegative" classname="com.erkang.controller.StatsControllerTest" time="0.076">
    <system-out><![CDATA[timestamp = 2025-12-31T23:46:42.034196500, StatsControllerTest:avgDuration shouldBeNonNegative = 
                              |-----------------------jqwik-----------------------
tries = 100                   | # of calls to property
checks = 100                  | # of not rejected calls
generation = RANDOMIZED       | parameters are randomly generated
after-failure = SAMPLE_FIRST  | try previously failed sample, then previous seed
when-fixed-seed = ALLOW       | fixing the random seed is allowed
edge-cases#mode = MIXIN       | edge cases are mixed in
edge-cases#total = 5          | # of all combined edge cases
edge-cases#tried = 4          | # of edge cases tried in current run
seed = -3658300062926184853   | random seed to reproduce generated values


]]></system-out>
  </testcase>
  <testcase name="getConsultationTypeDistribution shouldReturnDistribution" classname="com.erkang.controller.StatsControllerTest" time="0.06">
    <system-out><![CDATA[timestamp = 2025-12-31T23:46:42.094168100, StatsControllerTest:getConsultationTypeDistribution shouldReturnDistribution = 
                              |-----------------------jqwik-----------------------
tries = 100                   | # of calls to property
checks = 100                  | # of not rejected calls
generation = RANDOMIZED       | parameters are randomly generated
after-failure = SAMPLE_FIRST  | try previously failed sample, then previous seed
when-fixed-seed = ALLOW       | fixing the random seed is allowed
edge-cases#mode = MIXIN       | edge cases are mixed in
edge-cases#total = 100        | # of all combined edge cases
edge-cases#tried = 21         | # of edge cases tried in current run
seed = -6342077117263122802   | random seed to reproduce generated values


]]></system-out>
    <system-err><![CDATA[12月 31, 2025 11:46:42 下午 net.jqwik.engine.properties.RandomizedShrinkablesGenerator logEdgeCasesOutnumberTriesIfApplicable
信息: Edge case generation exceeds number of tries. Stopped after 100 generated cases.
]]></system-err>
  </testcase>
</testsuite>