<?xml version="1.0" encoding="UTF-8"?>
<testsuite xmlns:xsi="http://www.w3.org/2001/XMLSchema-instance" xsi:noNamespaceSchemaLocation="https://maven.apache.org/surefire/maven-surefire-plugin/xsd/surefire-test-report-3.0.xsd" version="3.0" name="com.erkang.service.ReferralPropertyTest" time="0.301" tests="5" errors="0" skipped="0" failures="0">
  <properties>
[...]
</properties>
  <testcase name="referralRequiresReason" classname="com.erkang.service.ReferralPropertyTest" time="0.124">
    <system-out><![CDATA[timestamp = 2025-12-31T23:46:47.439935300, ReferralPropertyTest:referralRequiresReason = 
                              |-----------------------jqwik-----------------------
tries = 100                   | # of calls to property
checks = 100                  | # of not rejected calls
generation = RANDOMIZED       | parameters are randomly generated
after-failure = SAMPLE_FIRST  | try previously failed sample, then previous seed
when-fixed-seed = ALLOW       | fixing the random seed is allowed
edge-cases#mode = MIXIN       | edge cases are mixed in
edge-cases#total = 128        | # of all combined edge cases
edge-cases#tried = 18         | # of edge cases tried in current run
seed = 3067638245598064457    | random seed to reproduce generated values


]]></system-out>
    <system-err><![CDATA[12月 31, 2025 11:46:47 下午 net.jqwik.engine.properties.RandomizedShrinkablesGenerator logEdgeCasesOutnumberTriesIfApplicable
信息: Edge case generation exceeds number of tries. Stopped after 128 generated cases.
]]></system-err>
  </testcase>
  <testcase name="referralRequiresExamResults" classname="com.erkang.service.ReferralPropertyTest" time="0.047">
    <system-out><![CDATA[timestamp = 2025-12-31T23:46:47.488561200, ReferralPropertyTest:referralRequiresExamResults = 
                              |-----------------------jqwik-----------------------
tries = 100                   | # of calls to property
checks = 100                  | # of not rejected calls
generation = RANDOMIZED       | parameters are randomly generated
after-failure = SAMPLE_FIRST  | try previously failed sample, then previous seed
when-fixed-seed = ALLOW       | fixing the random seed is allowed
edge-cases#mode = MIXIN       | edge cases are mixed in
edge-cases#total = 128        | # of all combined edge cases
edge-cases#tried = 19         | # of edge cases tried in current run
seed = 2049955601377623226    | random seed to reproduce generated values


]]></system-out>
    <system-err><![CDATA[12月 31, 2025 11:46:47 下午 net.jqwik.engine.properties.RandomizedShrinkablesGenerator logEdgeCasesOutnumberTriesIfApplicable
信息: Edge case generation exceeds number of tries. Stopped after 128 generated cases.
]]></system-err>
  </testcase>
  <testcase name="referralRequiresMedicalSummary" classname="com.erkang.service.ReferralPropertyTest" time="0.044">
    <system-out><![CDATA[timestamp = 2025-12-31T23:46:47.532119800, ReferralPropertyTest:referralRequiresMedicalSummary = 
                              |-----------------------jqwik-----------------------
tries = 100                   | # of calls to property
checks = 100                  | # of not rejected calls
generation = RANDOMIZED       | parameters are randomly generated
after-failure = SAMPLE_FIRST  | try previously failed sample, then previous seed
when-fixed-seed = ALLOW       | fixing the random seed is allowed
edge-cases#mode = MIXIN       | edge cases are mixed in
edge-cases#total = 128        | # of all combined edge cases
edge-cases#tried = 13         | # of edge cases tried in current run
seed = -4190712821830036046   | random seed to reproduce generated values


]]></system-out>
    <system-err><![CDATA[12月 31, 2025 11:46:47 下午 net.jqwik.engine.properties.RandomizedShrinkablesGenerator logEdgeCasesOutnumberTriesIfApplicable
信息: Edge case generation exceeds number of tries. Stopped after 128 generated cases.
]]></system-err>
  </testcase>
  <testcase name="referralCannotBeDeleted" classname="com.erkang.service.ReferralPropertyTest" time="0.017">
    <system-out><![CDATA[timestamp = 2025-12-31T23:46:47.549239300, ReferralPropertyTest:referralCannotBeDeleted = 
                              |-----------------------jqwik-----------------------
tries = 100                   | # of calls to property
checks = 100                  | # of not rejected calls
generation = RANDOMIZED       | parameters are randomly generated
after-failure = SAMPLE_FIRST  | try previously failed sample, then previous seed
when-fixed-seed = ALLOW       | fixing the random seed is allowed
edge-cases#mode = MIXIN       | edge cases are mixed in
edge-cases#total = 4          | # of all combined edge cases
edge-cases#tried = 4          | # of edge cases tried in current run
seed = -7955619645833794073   | random seed to reproduce generated values


]]></system-out>
  </testcase>
  <testcase name="completeReferralCanBeCreated" classname="com.erkang.service.ReferralPropertyTest" time="0.064">
    <system-out><![CDATA[23:46:47.563 [main] INFO com.erkang.service.ReferralService -- 发起转诊: referralNo=RF20251231EB5B2B27, fromDoctor=131, toDoctor=611141
23:46:47.564 [main] INFO com.erkang.service.ReferralService -- 发起转诊: referralNo=RF2025123177638AE0, fromDoctor=37, toDoctor=22
23:46:47.565 [main] INFO com.erkang.service.ReferralService -- 发起转诊: referralNo=RF202512317DA7BE04, fromDoctor=3, toDoctor=16
23:46:47.565 [main] INFO com.erkang.service.ReferralService -- 发起转诊: referralNo=RF20251231908F2836, fromDoctor=1730, toDoctor=455984
23:46:47.565 [main] INFO com.erkang.service.ReferralService -- 发起转诊: referralNo=RF2025123186C89986, fromDoctor=382, toDoctor=27172
23:46:47.566 [main] INFO com.erkang.service.ReferralService -- 发起转诊: referralNo=RF20251231DDB23377, fromDoctor=17812, toDoctor=147845
23:46:47.566 [main] INFO com.erkang.service.ReferralService -- 发起转诊: referralNo=RF202512319AA78F72, fromDoctor=2279, toDoctor=71744
23:46:47.566 [main] INFO com.erkang.service.ReferralService -- 发起转诊: referralNo=RF20251231136134DF, fromDoctor=24, toDoctor=159
23:46:47.567 [main] INFO com.erkang.service.ReferralService -- 发起转诊: referralNo=RF2025123152757C73, fromDoctor=36408, toDoctor=225
23:46:47.567 [main] INFO com.erkang.service.ReferralService -- 发起转诊: referralNo=RF2025123169EC2368, fromDoctor=7, toDoctor=979860
23:46:47.568 [main] INFO com.erkang.service.ReferralService -- 发起转诊: referralNo=RF202512315A3E8965, fromDoctor=9984, toDoctor=182
23:46:47.568 [main] INFO com.erkang.service.ReferralService -- 发起转诊: referralNo=RF2025123138B6946F, fromDoctor=1212, toDoctor=13217
23:46:47.569 [main] INFO com.erkang.service.ReferralService -- 发起转诊: referralNo=RF202512313A882E6B, fromDoctor=4970, toDoctor=225
23:46:47.569 [main] INFO com.erkang.service.ReferralService -- 发起转诊: referralNo=RF202512317A2E503A, fromDoctor=29, toDoctor=141
23:46:47.570 [main] INFO com.erkang.service.ReferralService -- 发起转诊: referralNo=RF20251231D65243B2, fromDoctor=14427, toDoctor=824
23:46:47.572 [main] INFO com.erkang.service.ReferralService -- 发起转诊: referralNo=RF20251231A38DCDED, fromDoctor=2, toDoctor=105407
23:46:47.573 [main] INFO com.erkang.service.ReferralService -- 发起转诊: referralNo=RF202512313A2960FF, fromDoctor=18, toDoctor=159
23:46:47.574 [main] INFO com.erkang.service.ReferralService -- 发起转诊: referralNo=RF202512317AD1CB64, fromDoctor=14870, toDoctor=1786
23:46:47.574 [main] INFO com.erkang.service.ReferralService -- 发起转诊: referralNo=RF202512317B79DAF8, fromDoctor=140353, toDoctor=1
23:46:47.575 [main] INFO com.erkang.service.ReferralService -- 发起转诊: referralNo=RF20251231753C67DC, fromDoctor=2427, toDoctor=70
23:46:47.575 [main] INFO com.erkang.service.ReferralService -- 发起转诊: referralNo=RF20251231C521F1A5, fromDoctor=212, toDoctor=2
23:46:47.575 [main] INFO com.erkang.service.ReferralService -- 发起转诊: referralNo=RF20251231B7BB6F0B, fromDoctor=133, toDoctor=24
23:46:47.576 [main] INFO com.erkang.service.ReferralService -- 发起转诊: referralNo=RF202512314BC1E440, fromDoctor=1789, toDoctor=649
23:46:47.576 [main] INFO com.erkang.service.ReferralService -- 发起转诊: referralNo=RF202512314F40203E, fromDoctor=2, toDoctor=2
23:46:47.577 [main] INFO com.erkang.service.ReferralService -- 发起转诊: referralNo=RF2025123179916E03, fromDoctor=583668, toDoctor=6021
23:46:47.577 [main] INFO com.erkang.service.ReferralService -- 发起转诊: referralNo=RF20251231A7D3AD88, fromDoctor=2995, toDoctor=8323
23:46:47.578 [main] INFO com.erkang.service.ReferralService -- 发起转诊: referralNo=RF20251231A4D8ED30, fromDoctor=170, toDoctor=215759
23:46:47.578 [main] INFO com.erkang.service.ReferralService -- 发起转诊: referralNo=RF2025123199F8BA1F, fromDoctor=22532, toDoctor=11
23:46:47.579 [main] INFO com.erkang.service.ReferralService -- 发起转诊: referralNo=RF202512312578900E, fromDoctor=27, toDoctor=43758
23:46:47.579 [main] INFO com.erkang.service.ReferralService -- 发起转诊: referralNo=RF2025123192ABC5CD, fromDoctor=768425, toDoctor=191
23:46:47.580 [main] INFO com.erkang.service.ReferralService -- 发起转诊: referralNo=RF20251231AD9E3C7F, fromDoctor=162, toDoctor=53148
23:46:47.581 [main] INFO com.erkang.service.ReferralService -- 发起转诊: referralNo=RF202512314154EFFF, fromDoctor=6, toDoctor=2628
23:46:47.581 [main] INFO com.erkang.service.ReferralService -- 发起转诊: referralNo=RF20251231C734C1C3, fromDoctor=8, toDoctor=53658
23:46:47.581 [main] INFO com.erkang.service.ReferralService -- 发起转诊: referralNo=RF20251231236F8F47, fromDoctor=2, toDoctor=2
23:46:47.582 [main] INFO com.erkang.service.ReferralService -- 发起转诊: referralNo=RF202512310B557638, fromDoctor=4144, toDoctor=1
23:46:47.582 [main] INFO com.erkang.service.ReferralService -- 发起转诊: referralNo=RF2025123149C4235B, fromDoctor=2, toDoctor=1
23:46:47.583 [main] INFO com.erkang.service.ReferralService -- 发起转诊: referralNo=RF20251231ECB3B3D0, fromDoctor=74, toDoctor=340
23:46:47.583 [main] INFO com.erkang.service.ReferralService -- 发起转诊: referralNo=RF2025123149403DFC, fromDoctor=781032, toDoctor=5
23:46:47.584 [main] INFO com.erkang.service.ReferralService -- 发起转诊: referralNo=RF20251231C52BC0E3, fromDoctor=152476, toDoctor=7
23:46:47.584 [main] INFO com.erkang.service.ReferralService -- 发起转诊: referralNo=RF20251231BDCC2DBD, fromDoctor=13, toDoctor=62146
23:46:47.585 [main] INFO com.erkang.service.ReferralService -- 发起转诊: referralNo=RF20251231E0B0E362, fromDoctor=1622, toDoctor=60114
23:46:47.585 [main] INFO com.erkang.service.ReferralService -- 发起转诊: referralNo=RF20251231782B5619, fromDoctor=2, toDoctor=1
23:46:47.586 [main] INFO com.erkang.service.ReferralService -- 发起转诊: referralNo=RF2025123171FF5357, fromDoctor=38243, toDoctor=136332
23:46:47.586 [main] INFO com.erkang.service.ReferralService -- 发起转诊: referralNo=RF20251231CDA23EF5, fromDoctor=1, toDoctor=3
23:46:47.586 [main] INFO com.erkang.service.ReferralService -- 发起转诊: referralNo=RF2025123194340044, fromDoctor=3822, toDoctor=879457
23:46:47.587 [main] INFO com.erkang.service.ReferralService -- 发起转诊: referralNo=RF202512311A96D9C4, fromDoctor=1022, toDoctor=402
23:46:47.587 [main] INFO com.erkang.service.ReferralService -- 发起转诊: referralNo=RF20251231B6C88FED, fromDoctor=211, toDoctor=3250
23:46:47.588 [main] INFO com.erkang.service.ReferralService -- 发起转诊: referralNo=RF20251231F84E59DF, fromDoctor=1, toDoctor=8868
23:46:47.589 [main] INFO com.erkang.service.ReferralService -- 发起转诊: referralNo=RF202512313762BC5A, fromDoctor=3107, toDoctor=47
23:46:47.589 [main] INFO com.erkang.service.ReferralService -- 发起转诊: referralNo=RF20251231EDD36B08, fromDoctor=2, toDoctor=1000000
23:46:47.590 [main] INFO com.erkang.service.ReferralService -- 发起转诊: referralNo=RF20251231E42AC2EF, fromDoctor=16342, toDoctor=20766
23:46:47.590 [main] INFO com.erkang.service.ReferralService -- 发起转诊: referralNo=RF202512310916F84A, fromDoctor=824, toDoctor=3789
23:46:47.591 [main] INFO com.erkang.service.ReferralService -- 发起转诊: referralNo=RF2025123174F02B3D, fromDoctor=138, toDoctor=556331
23:46:47.591 [main] INFO com.erkang.service.ReferralService -- 发起转诊: referralNo=RF202512312C08C575, fromDoctor=161, toDoctor=2012
23:46:47.592 [main] INFO com.erkang.service.ReferralService -- 发起转诊: referralNo=RF20251231372B4605, fromDoctor=2, toDoctor=18
23:46:47.592 [main] INFO com.erkang.service.ReferralService -- 发起转诊: referralNo=RF20251231C0FAA623, fromDoctor=207, toDoctor=4791
23:46:47.593 [main] INFO com.erkang.service.ReferralService -- 发起转诊: referralNo=RF202512317848998D, fromDoctor=19, toDoctor=1702
23:46:47.593 [main] INFO com.erkang.service.ReferralService -- 发起转诊: referralNo=RF2025123147E909ED, fromDoctor=37058, toDoctor=1
23:46:47.594 [main] INFO com.erkang.service.ReferralService -- 发起转诊: referralNo=RF2025123124F3299B, fromDoctor=295, toDoctor=178
23:46:47.594 [main] INFO com.erkang.service.ReferralService -- 发起转诊: referralNo=RF202512315044CA3D, fromDoctor=156630, toDoctor=510
23:46:47.595 [main] INFO com.erkang.service.ReferralService -- 发起转诊: referralNo=RF20251231BDE04ADE, fromDoctor=2, toDoctor=1000000
23:46:47.595 [main] INFO com.erkang.service.ReferralService -- 发起转诊: referralNo=RF2025123139AC9480, fromDoctor=7, toDoctor=279011
23:46:47.596 [main] INFO com.erkang.service.ReferralService -- 发起转诊: referralNo=RF20251231432450BE, fromDoctor=7628, toDoctor=47976
23:46:47.596 [main] INFO com.erkang.service.ReferralService -- 发起转诊: referralNo=RF2025123165E366A5, fromDoctor=21, toDoctor=221
23:46:47.596 [main] INFO com.erkang.service.ReferralService -- 发起转诊: referralNo=RF202512314518A763, fromDoctor=2, toDoctor=25
23:46:47.598 [main] INFO com.erkang.service.ReferralService -- 发起转诊: referralNo=RF202512318C2C64F0, fromDoctor=2, toDoctor=999999
23:46:47.598 [main] INFO com.erkang.service.ReferralService -- 发起转诊: referralNo=RF202512310B115C62, fromDoctor=1644, toDoctor=47837
23:46:47.598 [main] INFO com.erkang.service.ReferralService -- 发起转诊: referralNo=RF20251231E4DEAF3D, fromDoctor=2, toDoctor=999999
23:46:47.598 [main] INFO com.erkang.service.ReferralService -- 发起转诊: referralNo=RF2025123163D5DF46, fromDoctor=2, toDoctor=684
23:46:47.598 [main] INFO com.erkang.service.ReferralService -- 发起转诊: referralNo=RF202512318D9CD498, fromDoctor=1615, toDoctor=17
23:46:47.600 [main] INFO com.erkang.service.ReferralService -- 发起转诊: referralNo=RF202512313F265989, fromDoctor=24172, toDoctor=626082
23:46:47.601 [main] INFO com.erkang.service.ReferralService -- 发起转诊: referralNo=RF202512316BAC5D68, fromDoctor=1, toDoctor=2
23:46:47.601 [main] INFO com.erkang.service.ReferralService -- 发起转诊: referralNo=RF20251231A82DAC10, fromDoctor=7941, toDoctor=8
23:46:47.601 [main] INFO com.erkang.service.ReferralService -- 发起转诊: referralNo=RF20251231CFA5EDBA, fromDoctor=7736, toDoctor=781
23:46:47.601 [main] INFO com.erkang.service.ReferralService -- 发起转诊: referralNo=RF202512310A834456, fromDoctor=17, toDoctor=80858
23:46:47.602 [main] INFO com.erkang.service.ReferralService -- 发起转诊: referralNo=RF20251231DCCA72BA, fromDoctor=199960, toDoctor=226
23:46:47.602 [main] INFO com.erkang.service.ReferralService -- 发起转诊: referralNo=RF20251231B55F5515, fromDoctor=1, toDoctor=2
23:46:47.602 [main] INFO com.erkang.service.ReferralService -- 发起转诊: referralNo=RF20251231B0999992, fromDoctor=4, toDoctor=2008
23:46:47.602 [main] INFO com.erkang.service.ReferralService -- 发起转诊: referralNo=RF2025123194E1A1FE, fromDoctor=592, toDoctor=98383
23:46:47.603 [main] INFO com.erkang.service.ReferralService -- 发起转诊: referralNo=RF20251231A00513EA, fromDoctor=30, toDoctor=425055
23:46:47.603 [main] INFO com.erkang.service.ReferralService -- 发起转诊: referralNo=RF202512317189415A, fromDoctor=805004, toDoctor=1526
23:46:47.604 [main] INFO com.erkang.service.ReferralService -- 发起转诊: referralNo=RF20251231A211F921, fromDoctor=1, toDoctor=1
23:46:47.604 [main] INFO com.erkang.service.ReferralService -- 发起转诊: referralNo=RF2025123122CC780E, fromDoctor=24, toDoctor=37607
23:46:47.604 [main] INFO com.erkang.service.ReferralService -- 发起转诊: referralNo=RF2025123115ABFF90, fromDoctor=572, toDoctor=4184
23:46:47.606 [main] INFO com.erkang.service.ReferralService -- 发起转诊: referralNo=RF202512313BE08A25, fromDoctor=217, toDoctor=7
23:46:47.607 [main] INFO com.erkang.service.ReferralService -- 发起转诊: referralNo=RF2025123187349C3C, fromDoctor=47, toDoctor=139
23:46:47.607 [main] INFO com.erkang.service.ReferralService -- 发起转诊: referralNo=RF20251231C9FF8EB6, fromDoctor=358, toDoctor=41140
23:46:47.607 [main] INFO com.erkang.service.ReferralService -- 发起转诊: referralNo=RF202512310CEE8624, fromDoctor=1, toDoctor=1
23:46:47.608 [main] INFO com.erkang.service.ReferralService -- 发起转诊: referralNo=RF20251231BF8A6463, fromDoctor=1, toDoctor=14194
23:46:47.608 [main] INFO com.erkang.service.ReferralService -- 发起转诊: referralNo=RF2025123151B053F9, fromDoctor=5988, toDoctor=836
23:46:47.608 [main] INFO com.erkang.service.ReferralService -- 发起转诊: referralNo=RF20251231F664C49E, fromDoctor=41, toDoctor=12
23:46:47.609 [main] INFO com.erkang.service.ReferralService -- 发起转诊: referralNo=RF2025123153119425, fromDoctor=146, toDoctor=56
23:46:47.609 [main] INFO com.erkang.service.ReferralService -- 发起转诊: referralNo=RF20251231E13F3C32, fromDoctor=126305, toDoctor=20
23:46:47.609 [main] INFO com.erkang.service.ReferralService -- 发起转诊: referralNo=RF20251231B153FFCE, fromDoctor=1, toDoctor=1000000
23:46:47.609 [main] INFO com.erkang.service.ReferralService -- 发起转诊: referralNo=RF2025123144C1D3F9, fromDoctor=70, toDoctor=377786
23:46:47.611 [main] INFO com.erkang.service.ReferralService -- 发起转诊: referralNo=RF2025123185901307, fromDoctor=22, toDoctor=1687
23:46:47.612 [main] INFO com.erkang.service.ReferralService -- 发起转诊: referralNo=RF20251231A66A5AC9, fromDoctor=200, toDoctor=1491
23:46:47.613 [main] INFO com.erkang.service.ReferralService -- 发起转诊: referralNo=RF20251231DA741F49, fromDoctor=1000000, toDoctor=109248
23:46:47.614 [main] INFO com.erkang.service.ReferralService -- 发起转诊: referralNo=RF20251231B5B03BDD, fromDoctor=1, toDoctor=1000000
23:46:47.614 [main] INFO com.erkang.service.ReferralService -- 发起转诊: referralNo=RF20251231B6CA040B, fromDoctor=2847, toDoctor=1946
timestamp = 2025-12-31T23:46:47.614154300, ReferralPropertyTest:completeReferralCanBeCreated = 
                              |-----------------------jqwik-----------------------
tries = 100                   | # of calls to property
checks = 100                  | # of not rejected calls
generation = RANDOMIZED       | parameters are randomly generated
after-failure = SAMPLE_FIRST  | try previously failed sample, then previous seed
when-fixed-seed = ALLOW       | fixing the random seed is allowed
edge-cases#mode = MIXIN       | edge cases are mixed in
edge-cases#total = 128        | # of all combined edge cases
edge-cases#tried = 14         | # of edge cases tried in current run
seed = 7727229164648424469    | random seed to reproduce generated values


]]></system-out>
    <system-err><![CDATA[12月 31, 2025 11:46:47 下午 net.jqwik.engine.properties.RandomizedShrinkablesGenerator logEdgeCasesOutnumberTriesIfApplicable
信息: Edge case generation exceeds number of tries. Stopped after 128 generated cases.
]]></system-err>
  </testcase>
</testsuite>