<?xml version="1.0" encoding="UTF-8"?>
<testsuite xmlns:xsi="http://www.w3.org/2001/XMLSchema-instance" xsi:noNamespaceSchemaLocation="https://maven.apache.org/surefire/maven-surefire-plugin/xsd/surefire-test-report-3.0.xsd" version="3.0" name="com.erkang.integration.storage.FileStoragePropertyTest" time="1.019" tests="5" errors="0" skipped="0" failures="0">
  <properties>
[...]
</properties>
  <testcase name="presignedUrlShouldBeGenerated" classname="com.erkang.integration.storage.FileStoragePropertyTest" time="0.491">
    <system-out><![CDATA[timestamp = 2025-12-31T23:46:45.814183100, FileStoragePropertyTest:presignedUrlShouldBeGenerated = 
                              |-----------------------jqwik-----------------------
tries = 100                   | # of calls to property
checks = 100                  | # of not rejected calls
generation = RANDOMIZED       | parameters are randomly generated
after-failure = SAMPLE_FIRST  | try previously failed sample, then previous seed
when-fixed-seed = ALLOW       | fixing the random seed is allowed
edge-cases#mode = MIXIN       | edge cases are mixed in
edge-cases#total = 16         | # of all combined edge cases
edge-cases#tried = 16         | # of edge cases tried in current run
seed = -5333515993486756783   | random seed to reproduce generated values


]]></system-out>
  </testcase>
  <testcase name="emptyFilenameShouldUseDefault" classname="com.erkang.integration.storage.FileStoragePropertyTest" time="0.047">
    <system-out><![CDATA[23:46:45.860 [main] INFO com.erkang.integration.storage.MinioService -- 文件上传成功: bucket=erkang-files, object=test/2025/12/31/fdf7b015_unnamed, size=4
23:46:45.861 [main] INFO com.erkang.integration.storage.MinioService -- 文件上传成功: bucket=erkang-files, object=test/2025/12/31/375078e2_unnamed, size=4
timestamp = 2025-12-31T23:46:45.862221600, FileStoragePropertyTest:emptyFilenameShouldUseDefault = 
                              |-----------------------jqwik-----------------------
tries = 2                     | # of calls to property
checks = 2                    | # of not rejected calls
generation = EXHAUSTIVE       | parameters are exhaustively generated
after-failure = SAMPLE_FIRST  | try previously failed sample, then previous seed
when-fixed-seed = ALLOW       | fixing the random seed is allowed
edge-cases#mode = MIXIN       | edge cases are mixed in
edge-cases#total = 0          | # of all combined edge cases
edge-cases#tried = 0          | # of edge cases tried in current run
seed = 7103120730294454052    | random seed to reproduce generated values


]]></system-out>
  </testcase>
  <testcase name="filenameShouldBeSanitized" classname="com.erkang.integration.storage.FileStoragePropertyTest" time="0.015">
    <system-out><![CDATA[23:46:45.867 [main] INFO com.erkang.integration.storage.MinioService -- 文件上传成功: bucket=erkang-files, object=test/2025/12/31/98b00d9d_test_script_.txt, size=4
23:46:45.872 [main] INFO com.erkang.integration.storage.MinioService -- 文件上传成功: bucket=erkang-files, object=test/2025/12/31/12ea6952_file_etc_passwd, size=4
23:46:45.873 [main] INFO com.erkang.integration.storage.MinioService -- 文件上传成功: bucket=erkang-files, object=test/2025/12/31/00b25fc9_file_path_test.txt, size=4
23:46:45.874 [main] INFO com.erkang.integration.storage.MinioService -- 文件上传成功: bucket=erkang-files, object=test/2025/12/31/d261e483_file_with_spaces.txt, size=4
23:46:45.875 [main] INFO com.erkang.integration.storage.MinioService -- 文件上传成功: bucket=erkang-files, object=test/2025/12/31/9bb94f53_文件名.txt, size=4
23:46:45.876 [main] INFO com.erkang.integration.storage.MinioService -- 文件上传成功: bucket=erkang-files, object=test/2025/12/31/1169c1e2_test_.txt, size=4
timestamp = 2025-12-31T23:46:45.877531400, FileStoragePropertyTest:filenameShouldBeSanitized = 
                              |-----------------------jqwik-----------------------
tries = 6                     | # of calls to property
checks = 6                    | # of not rejected calls
generation = EXHAUSTIVE       | parameters are exhaustively generated
after-failure = SAMPLE_FIRST  | try previously failed sample, then previous seed
when-fixed-seed = ALLOW       | fixing the random seed is allowed
edge-cases#mode = MIXIN       | edge cases are mixed in
edge-cases#total = 0          | # of all combined edge cases
edge-cases#tried = 0          | # of edge cases tried in current run
seed = -2927604474816971040   | random seed to reproduce generated values


]]></system-out>
  </testcase>
  <testcase name="objectNameShouldFollowPattern" classname="com.erkang.integration.storage.FileStoragePropertyTest" time="0.092">
    <system-out><![CDATA[23:46:45.886 [main] INFO com.erkang.integration.storage.MinioService -- 文件上传成功: bucket=erkang-files, object=report/2025/12/31/a4721bdd_pMeYqLM.txt, size=4
23:46:45.887 [main] INFO com.erkang.integration.storage.MinioService -- 文件上传成功: bucket=erkang-files, object=attachment/2025/12/31/a5dc4592_zBpdMp.txt, size=4
23:46:45.890 [main] INFO com.erkang.integration.storage.MinioService -- 文件上传成功: bucket=erkang-files, object=medical/2025/12/31/1c3298b4_Z.txt, size=4
23:46:45.891 [main] INFO com.erkang.integration.storage.MinioService -- 文件上传成功: bucket=erkang-files, object=medical/2025/12/31/6fc32328_OcYPCX.txt, size=4
23:46:45.893 [main] INFO com.erkang.integration.storage.MinioService -- 文件上传成功: bucket=erkang-files, object=report/2025/12/31/720932d1_EUjEBYB.txt, size=4
23:46:45.895 [main] INFO com.erkang.integration.storage.MinioService -- 文件上传成功: bucket=erkang-files, object=medical/2025/12/31/038a7e6e_IO.txt, size=4
23:46:45.897 [main] INFO com.erkang.integration.storage.MinioService -- 文件上传成功: bucket=erkang-files, object=report/2025/12/31/3ffc5d43_gYItyLIZcs.txt, size=4
23:46:45.900 [main] INFO com.erkang.integration.storage.MinioService -- 文件上传成功: bucket=erkang-files, object=attachment/2025/12/31/8c6c5f3a_BMKsUMBoG.txt, size=4
23:46:45.900 [main] INFO com.erkang.integration.storage.MinioService -- 文件上传成功: bucket=erkang-files, object=report/2025/12/31/0ac8d478_EXEQlEcGf.txt, size=4
23:46:45.901 [main] INFO com.erkang.integration.storage.MinioService -- 文件上传成功: bucket=erkang-files, object=attachment/2025/12/31/3999b659_fVniGlf.txt, size=4
23:46:45.902 [main] INFO com.erkang.integration.storage.MinioService -- 文件上传成功: bucket=erkang-files, object=medical/2025/12/31/a1c7fce3_Ej.txt, size=4
23:46:45.903 [main] INFO com.erkang.integration.storage.MinioService -- 文件上传成功: bucket=erkang-files, object=prescription/2025/12/31/b7f69ea0_NxhAjP.txt, size=4
23:46:45.904 [main] INFO com.erkang.integration.storage.MinioService -- 文件上传成功: bucket=erkang-files, object=report/2025/12/31/6faf6b68_LcQejKZw.txt, size=4
23:46:45.905 [main] INFO com.erkang.integration.storage.MinioService -- 文件上传成功: bucket=erkang-files, object=attachment/2025/12/31/b39937e3_IuGM.txt, size=4
23:46:45.905 [main] INFO com.erkang.integration.storage.MinioService -- 文件上传成功: bucket=erkang-files, object=medical/2025/12/31/793932ee_ODWyABXVn.txt, size=4
23:46:45.907 [main] INFO com.erkang.integration.storage.MinioService -- 文件上传成功: bucket=erkang-files, object=medical/2025/12/31/b5f688cc_kXXWQYoENjpKrStmlyrVgjVD.txt, size=4
23:46:45.908 [main] INFO com.erkang.integration.storage.MinioService -- 文件上传成功: bucket=erkang-files, object=medical/2025/12/31/695418f4_UNis.txt, size=4
23:46:45.910 [main] INFO com.erkang.integration.storage.MinioService -- 文件上传成功: bucket=erkang-files, object=attachment/2025/12/31/9d2b5654_afWkzaW.txt, size=4
23:46:45.910 [main] INFO com.erkang.integration.storage.MinioService -- 文件上传成功: bucket=erkang-files, object=report/2025/12/31/2bbcdfbb_YL.txt, size=4
23:46:45.911 [main] INFO com.erkang.integration.storage.MinioService -- 文件上传成功: bucket=erkang-files, object=report/2025/12/31/e9dde739_nwwdrQ.txt, size=4
23:46:45.912 [main] INFO com.erkang.integration.storage.MinioService -- 文件上传成功: bucket=erkang-files, object=report/2025/12/31/7e861b1d_crXYsriDdCtRivYxK.txt, size=4
23:46:45.913 [main] INFO com.erkang.integration.storage.MinioService -- 文件上传成功: bucket=erkang-files, object=attachment/2025/12/31/a77a420f_kOcfChbLfOILEFiXHBESnDajCFIFcRbxWXzCalYAFlOagOgTYs.txt, size=4
23:46:45.914 [main] INFO com.erkang.integration.storage.MinioService -- 文件上传成功: bucket=erkang-files, object=medical/2025/12/31/ad287a7e_A.txt, size=4
23:46:45.915 [main] INFO com.erkang.integration.storage.MinioService -- 文件上传成功: bucket=erkang-files, object=report/2025/12/31/1b556db8_bFlhC.txt, size=4
23:46:45.916 [main] INFO com.erkang.integration.storage.MinioService -- 文件上传成功: bucket=erkang-files, object=prescription/2025/12/31/d516cdd4_VMepgQitvOL.txt, size=4
23:46:45.917 [main] INFO com.erkang.integration.storage.MinioService -- 文件上传成功: bucket=erkang-files, object=prescription/2025/12/31/227f723f_XCaZEqYQB.txt, size=4
23:46:45.919 [main] INFO com.erkang.integration.storage.MinioService -- 文件上传成功: bucket=erkang-files, object=attachment/2025/12/31/706d8ad2_gwzpLHXGYFO.txt, size=4
23:46:45.919 [main] INFO com.erkang.integration.storage.MinioService -- 文件上传成功: bucket=erkang-files, object=report/2025/12/31/ec3afc9c_gyDfstXEXq.txt, size=4
23:46:45.920 [main] INFO com.erkang.integration.storage.MinioService -- 文件上传成功: bucket=erkang-files, object=attachment/2025/12/31/391c30f5_MdtBrWAZnrw.txt, size=4
23:46:45.921 [main] INFO com.erkang.integration.storage.MinioService -- 文件上传成功: bucket=erkang-files, object=medical/2025/12/31/ed1f7374_cYlgJ.txt, size=4
23:46:45.921 [main] INFO com.erkang.integration.storage.MinioService -- 文件上传成功: bucket=erkang-files, object=medical/2025/12/31/27999125_bHZYllMHHK.txt, size=4
23:46:45.922 [main] INFO com.erkang.integration.storage.MinioService -- 文件上传成功: bucket=erkang-files, object=report/2025/12/31/29c5feac_nPK.txt, size=4
23:46:45.923 [main] INFO com.erkang.integration.storage.MinioService -- 文件上传成功: bucket=erkang-files, object=medical/2025/12/31/cf02300c_UXVFiiaLiUgtDCxIjofxymJQJZhcEYkYXYObxnUAcGVHC.txt, size=4
23:46:45.924 [main] INFO com.erkang.integration.storage.MinioService -- 文件上传成功: bucket=erkang-files, object=report/2025/12/31/cb1da990_bcjPWSLKZwKQcMrHnSHaBUlkrsEHnunmd.txt, size=4
23:46:45.924 [main] INFO com.erkang.integration.storage.MinioService -- 文件上传成功: bucket=erkang-files, object=attachment/2025/12/31/1504a85c_jQA.txt, size=4
23:46:45.924 [main] INFO com.erkang.integration.storage.MinioService -- 文件上传成功: bucket=erkang-files, object=report/2025/12/31/e746e221_A.txt, size=4
23:46:45.927 [main] INFO com.erkang.integration.storage.MinioService -- 文件上传成功: bucket=erkang-files, object=medical/2025/12/31/d2abfbd9_sGN.txt, size=4
23:46:45.927 [main] INFO com.erkang.integration.storage.MinioService -- 文件上传成功: bucket=erkang-files, object=prescription/2025/12/31/83922fa8_v.txt, size=4
23:46:45.928 [main] INFO com.erkang.integration.storage.MinioService -- 文件上传成功: bucket=erkang-files, object=medical/2025/12/31/085e737e_Z.txt, size=4
23:46:45.929 [main] INFO com.erkang.integration.storage.MinioService -- 文件上传成功: bucket=erkang-files, object=report/2025/12/31/6036e656_JhtajvtHMlMuMHuXFxmxVKcbXqRxWCCljfgM.txt, size=4
23:46:45.930 [main] INFO com.erkang.integration.storage.MinioService -- 文件上传成功: bucket=erkang-files, object=report/2025/12/31/94120343_Z.txt, size=4
23:46:45.930 [main] INFO com.erkang.integration.storage.MinioService -- 文件上传成功: bucket=erkang-files, object=report/2025/12/31/09830bcf_nuKnPSPa.txt, size=4
23:46:45.931 [main] INFO com.erkang.integration.storage.MinioService -- 文件上传成功: bucket=erkang-files, object=report/2025/12/31/1cc4e92d_MAI.txt, size=4
23:46:45.932 [main] INFO com.erkang.integration.storage.MinioService -- 文件上传成功: bucket=erkang-files, object=medical/2025/12/31/a5f629e8_vpOICSPHNy.txt, size=4
23:46:45.932 [main] INFO com.erkang.integration.storage.MinioService -- 文件上传成功: bucket=erkang-files, object=attachment/2025/12/31/b9800d91_OilBsAY.txt, size=4
23:46:45.933 [main] INFO com.erkang.integration.storage.MinioService -- 文件上传成功: bucket=erkang-files, object=report/2025/12/31/1ff292b5_zabJCK.txt, size=4
23:46:45.934 [main] INFO com.erkang.integration.storage.MinioService -- 文件上传成功: bucket=erkang-files, object=medical/2025/12/31/059fe3d9_urMYBTwNoF.txt, size=4
23:46:45.934 [main] INFO com.erkang.integration.storage.MinioService -- 文件上传成功: bucket=erkang-files, object=prescription/2025/12/31/f9ba0345_vgioTPnxXFwdBiKTYVwIqdbkKdtrkPRhkLXWbFSjujGLMpIh.txt, size=4
23:46:45.936 [main] INFO com.erkang.integration.storage.MinioService -- 文件上传成功: bucket=erkang-files, object=report/2025/12/31/8361b4d8_EjtuHNhNpg.txt, size=4
23:46:45.936 [main] INFO com.erkang.integration.storage.MinioService -- 文件上传成功: bucket=erkang-files, object=attachment/2025/12/31/1e4c3d4a_FqcOoIBwfer.txt, size=4
23:46:45.936 [main] INFO com.erkang.integration.storage.MinioService -- 文件上传成功: bucket=erkang-files, object=report/2025/12/31/006fc87e_arSeqdGlFMhODpOkUhmJPpqjtHtZSw.txt, size=4
23:46:45.937 [main] INFO com.erkang.integration.storage.MinioService -- 文件上传成功: bucket=erkang-files, object=attachment/2025/12/31/0fc6c9e3_DypYTV.txt, size=4
23:46:45.937 [main] INFO com.erkang.integration.storage.MinioService -- 文件上传成功: bucket=erkang-files, object=medical/2025/12/31/a8327239_NQYZvwhCcPikJCwuFUXxuMkdDysxUoi.txt, size=4
23:46:45.938 [main] INFO com.erkang.integration.storage.MinioService -- 文件上传成功: bucket=erkang-files, object=attachment/2025/12/31/ae7d44ae_tTlhpI.txt, size=4
23:46:45.938 [main] INFO com.erkang.integration.storage.MinioService -- 文件上传成功: bucket=erkang-files, object=report/2025/12/31/c57361ef_kJUyonhB.txt, size=4
23:46:45.938 [main] INFO com.erkang.integration.storage.MinioService -- 文件上传成功: bucket=erkang-files, object=medical/2025/12/31/da5ce8d6_t.txt, size=4
23:46:45.940 [main] INFO com.erkang.integration.storage.MinioService -- 文件上传成功: bucket=erkang-files, object=prescription/2025/12/31/20f3a1cc_mhAGfPJMWNv.txt, size=4
23:46:45.940 [main] INFO com.erkang.integration.storage.MinioService -- 文件上传成功: bucket=erkang-files, object=report/2025/12/31/5ed34c4a_WQqcuFbZ.txt, size=4
23:46:45.941 [main] INFO com.erkang.integration.storage.MinioService -- 文件上传成功: bucket=erkang-files, object=prescription/2025/12/31/ef1f59d1_DAZmRdIuao.txt, size=4
23:46:45.941 [main] INFO com.erkang.integration.storage.MinioService -- 文件上传成功: bucket=erkang-files, object=attachment/2025/12/31/70f04736_wSFquWGeJs.txt, size=4
23:46:45.942 [main] INFO com.erkang.integration.storage.MinioService -- 文件上传成功: bucket=erkang-files, object=attachment/2025/12/31/13ad43d6_Nm.txt, size=4
23:46:45.942 [main] INFO com.erkang.integration.storage.MinioService -- 文件上传成功: bucket=erkang-files, object=medical/2025/12/31/7d8fa342_bJOOG.txt, size=4
23:46:45.942 [main] INFO com.erkang.integration.storage.MinioService -- 文件上传成功: bucket=erkang-files, object=prescription/2025/12/31/4588595c_stUVwvo.txt, size=4
23:46:45.942 [main] INFO com.erkang.integration.storage.MinioService -- 文件上传成功: bucket=erkang-files, object=medical/2025/12/31/08280a9d_HwKETr.txt, size=4
23:46:45.942 [main] INFO com.erkang.integration.storage.MinioService -- 文件上传成功: bucket=erkang-files, object=medical/2025/12/31/752d9d2e_qlbhJQaFw.txt, size=4
23:46:45.943 [main] INFO com.erkang.integration.storage.MinioService -- 文件上传成功: bucket=erkang-files, object=medical/2025/12/31/f7466a3e_a.txt, size=4
23:46:45.944 [main] INFO com.erkang.integration.storage.MinioService -- 文件上传成功: bucket=erkang-files, object=medical/2025/12/31/7dfd0cf4_a.txt, size=4
23:46:45.945 [main] INFO com.erkang.integration.storage.MinioService -- 文件上传成功: bucket=erkang-files, object=report/2025/12/31/67109c3d_Y.txt, size=4
23:46:45.946 [main] INFO com.erkang.integration.storage.MinioService -- 文件上传成功: bucket=erkang-files, object=medical/2025/12/31/0785ed6a_Ondfjln.txt, size=4
23:46:45.946 [main] INFO com.erkang.integration.storage.MinioService -- 文件上传成功: bucket=erkang-files, object=report/2025/12/31/83c4c58c_p.txt, size=4
23:46:45.946 [main] INFO com.erkang.integration.storage.MinioService -- 文件上传成功: bucket=erkang-files, object=medical/2025/12/31/6bd312ab_z.txt, size=4
23:46:45.948 [main] INFO com.erkang.integration.storage.MinioService -- 文件上传成功: bucket=erkang-files, object=medical/2025/12/31/2976a11f_z.txt, size=4
23:46:45.949 [main] INFO com.erkang.integration.storage.MinioService -- 文件上传成功: bucket=erkang-files, object=report/2025/12/31/e28def22_tLXar.txt, size=4
23:46:45.949 [main] INFO com.erkang.integration.storage.MinioService -- 文件上传成功: bucket=erkang-files, object=prescription/2025/12/31/ee693315_vfBXMz.txt, size=4
23:46:45.949 [main] INFO com.erkang.integration.storage.MinioService -- 文件上传成功: bucket=erkang-files, object=medical/2025/12/31/76e19af5_yRnQhw.txt, size=4
23:46:45.950 [main] INFO com.erkang.integration.storage.MinioService -- 文件上传成功: bucket=erkang-files, object=report/2025/12/31/11547d86_a.txt, size=4
23:46:45.951 [main] INFO com.erkang.integration.storage.MinioService -- 文件上传成功: bucket=erkang-files, object=attachment/2025/12/31/11a8ae96_ClDS.txt, size=4
23:46:45.951 [main] INFO com.erkang.integration.storage.MinioService -- 文件上传成功: bucket=erkang-files, object=attachment/2025/12/31/49590f53_AtMdFtRChbxJg.txt, size=4
23:46:45.952 [main] INFO com.erkang.integration.storage.MinioService -- 文件上传成功: bucket=erkang-files, object=attachment/2025/12/31/d4c9d80a_QAZBcsOaPSXYTvVZJOonsMgCHnlupeTxpVeIXDOYSoSwCtyRzg.txt, size=4
23:46:45.952 [main] INFO com.erkang.integration.storage.MinioService -- 文件上传成功: bucket=erkang-files, object=report/2025/12/31/af1f2247_a.txt, size=4
23:46:45.953 [main] INFO com.erkang.integration.storage.MinioService -- 文件上传成功: bucket=erkang-files, object=report/2025/12/31/06034713_hfMyvqDHg.txt, size=4
23:46:45.954 [main] INFO com.erkang.integration.storage.MinioService -- 文件上传成功: bucket=erkang-files, object=medical/2025/12/31/eca62f4c_z.txt, size=4
23:46:45.954 [main] INFO com.erkang.integration.storage.MinioService -- 文件上传成功: bucket=erkang-files, object=prescription/2025/12/31/a767791b_yhvkZ.txt, size=4
23:46:45.956 [main] INFO com.erkang.integration.storage.MinioService -- 文件上传成功: bucket=erkang-files, object=medical/2025/12/31/0d1786b0_dgGCYukDAST.txt, size=4
23:46:45.957 [main] INFO com.erkang.integration.storage.MinioService -- 文件上传成功: bucket=erkang-files, object=prescription/2025/12/31/ac4d20f0_UgijMKtklBDORCzsmxcTkNycNEmfJVIsSlYnoHpGMNpgsKnTWF.txt, size=4
23:46:45.958 [main] INFO com.erkang.integration.storage.MinioService -- 文件上传成功: bucket=erkang-files, object=attachment/2025/12/31/7ceb2e2e_FWAEYDrsVHzJfwP.txt, size=4
23:46:45.959 [main] INFO com.erkang.integration.storage.MinioService -- 文件上传成功: bucket=erkang-files, object=attachment/2025/12/31/da8cdf18_vABlQ.txt, size=4
23:46:45.960 [main] INFO com.erkang.integration.storage.MinioService -- 文件上传成功: bucket=erkang-files, object=prescription/2025/12/31/1b23c93f_TPEF.txt, size=4
23:46:45.960 [main] INFO com.erkang.integration.storage.MinioService -- 文件上传成功: bucket=erkang-files, object=report/2025/12/31/fb8a7ce1_z.txt, size=4
23:46:45.961 [main] INFO com.erkang.integration.storage.MinioService -- 文件上传成功: bucket=erkang-files, object=report/2025/12/31/4c588da3_uJMegwg.txt, size=4
23:46:45.961 [main] INFO com.erkang.integration.storage.MinioService -- 文件上传成功: bucket=erkang-files, object=attachment/2025/12/31/e926bc83_A.txt, size=4
23:46:45.962 [main] INFO com.erkang.integration.storage.MinioService -- 文件上传成功: bucket=erkang-files, object=attachment/2025/12/31/71b16033_A.txt, size=4
23:46:45.963 [main] INFO com.erkang.integration.storage.MinioService -- 文件上传成功: bucket=erkang-files, object=medical/2025/12/31/d06a416a_iZNikiA.txt, size=4
23:46:45.964 [main] INFO com.erkang.integration.storage.MinioService -- 文件上传成功: bucket=erkang-files, object=medical/2025/12/31/fe67f8ef_LiCiExcdjC.txt, size=4
23:46:45.965 [main] INFO com.erkang.integration.storage.MinioService -- 文件上传成功: bucket=erkang-files, object=medical/2025/12/31/efabea6e_kyiIFaZmDSrCjXCFMyBZIBtWjKajsTSItPRKKHgLHTkIeDGnro.txt, size=4
23:46:45.966 [main] INFO com.erkang.integration.storage.MinioService -- 文件上传成功: bucket=erkang-files, object=attachment/2025/12/31/ae675deb_xVWvYdTkaVmkVpBGcocfmgkgrMcNN.txt, size=4
23:46:45.966 [main] INFO com.erkang.integration.storage.MinioService -- 文件上传成功: bucket=erkang-files, object=report/2025/12/31/645b0d95_IT.txt, size=4
23:46:45.967 [main] INFO com.erkang.integration.storage.MinioService -- 文件上传成功: bucket=erkang-files, object=medical/2025/12/31/22d216e6_dIxltyc.txt, size=4
23:46:45.968 [main] INFO com.erkang.integration.storage.MinioService -- 文件上传成功: bucket=erkang-files, object=report/2025/12/31/3904b7b1_Cikzyl.txt, size=4
23:46:45.968 [main] INFO com.erkang.integration.storage.MinioService -- 文件上传成功: bucket=erkang-files, object=medical/2025/12/31/b69a45be_UUrpRpATiOVWTrdfYDDZxMDA.txt, size=4
timestamp = 2025-12-31T23:46:45.969776100, FileStoragePropertyTest:objectNameShouldFollowPattern = 
                              |-----------------------jqwik-----------------------
tries = 100                   | # of calls to property
checks = 100                  | # of not rejected calls
generation = RANDOMIZED       | parameters are randomly generated
after-failure = SAMPLE_FIRST  | try previously failed sample, then previous seed
when-fixed-seed = ALLOW       | fixing the random seed is allowed
edge-cases#mode = MIXIN       | edge cases are mixed in
edge-cases#total = 8          | # of all combined edge cases
edge-cases#tried = 8          | # of edge cases tried in current run
seed = 6436825139503803392    | random seed to reproduce generated values


]]></system-out>
  </testcase>
  <testcase name="uploadThenDownloadShouldReturnSameContent" classname="com.erkang.integration.storage.FileStoragePropertyTest" time="0.371">
    <system-out><![CDATA[23:46:46.084 [main] INFO com.erkang.integration.storage.MinioService -- 文件上传成功: bucket=erkang-files, object=report/2025/12/31/37f1447b_LMVgQFERHpWiCaRXgHtudfMguSCb.txt, size=2
23:46:46.149 [main] INFO com.erkang.integration.storage.MinioService -- 文件上传成功: bucket=erkang-files, object=medical/2025/12/31/9439b698_A.txt, size=1
23:46:46.152 [main] INFO com.erkang.integration.storage.MinioService -- 文件上传成功: bucket=erkang-files, object=report/2025/12/31/ad6e8162_A.txt, size=1
23:46:46.154 [main] INFO com.erkang.integration.storage.MinioService -- 文件上传成功: bucket=erkang-files, object=medical/2025/12/31/5027ade2_Z.txt, size=1
23:46:46.158 [main] INFO com.erkang.integration.storage.MinioService -- 文件上传成功: bucket=erkang-files, object=attachment/2025/12/31/c6d59ead_zSK.txt, size=11
23:46:46.170 [main] INFO com.erkang.integration.storage.MinioService -- 文件上传成功: bucket=erkang-files, object=report/2025/12/31/4d7b2a58_zGiNUskDnDYUpHBgOSbVKuCwAIqVLnzYVTV.txt, size=5903
23:46:46.173 [main] INFO com.erkang.integration.storage.MinioService -- 文件上传成功: bucket=erkang-files, object=report/2025/12/31/137ea98d_sfab.txt, size=5
23:46:46.174 [main] INFO com.erkang.integration.storage.MinioService -- 文件上传成功: bucket=erkang-files, object=attachment/2025/12/31/8de33352_NwhSvnbl.txt, size=3
23:46:46.175 [main] INFO com.erkang.integration.storage.MinioService -- 文件上传成功: bucket=erkang-files, object=report/2025/12/31/18699f91_JqH.txt, size=1
23:46:46.177 [main] INFO com.erkang.integration.storage.MinioService -- 文件上传成功: bucket=erkang-files, object=medical/2025/12/31/c5c5d657_GUjP.txt, size=11
23:46:46.178 [main] INFO com.erkang.integration.storage.MinioService -- 文件上传成功: bucket=erkang-files, object=medical/2025/12/31/60a35f55_wnMveuAEFRcFMSGeEqJV.txt, size=11
23:46:46.178 [main] INFO com.erkang.integration.storage.MinioService -- 文件上传成功: bucket=erkang-files, object=report/2025/12/31/86655fb0_Z.txt, size=1
23:46:46.179 [main] INFO com.erkang.integration.storage.MinioService -- 文件上传成功: bucket=erkang-files, object=medical/2025/12/31/e09366aa_a.txt, size=1
23:46:46.181 [main] INFO com.erkang.integration.storage.MinioService -- 文件上传成功: bucket=erkang-files, object=attachment/2025/12/31/3cbae763_yuxTWeX.txt, size=6
23:46:46.184 [main] INFO com.erkang.integration.storage.MinioService -- 文件上传成功: bucket=erkang-files, object=medical/2025/12/31/48ea38b3_fbrNaJEmHnkwkDdZZokxDAyCedewVfQXbSwhPCR.txt, size=1627
23:46:46.187 [main] INFO com.erkang.integration.storage.MinioService -- 文件上传成功: bucket=erkang-files, object=report/2025/12/31/671bae0b_sPOA.txt, size=3
23:46:46.189 [main] INFO com.erkang.integration.storage.MinioService -- 文件上传成功: bucket=erkang-files, object=prescription/2025/12/31/b2b92f29_NfTb.txt, size=6
23:46:46.197 [main] INFO com.erkang.integration.storage.MinioService -- 文件上传成功: bucket=erkang-files, object=attachment/2025/12/31/c845a9f4_RTsfxQWutXRzvqjzYoUobKJfIYLp.txt, size=5437
23:46:46.200 [main] INFO com.erkang.integration.storage.MinioService -- 文件上传成功: bucket=erkang-files, object=medical/2025/12/31/cef06751_rpEFBeGJrZ.txt, size=7
23:46:46.201 [main] INFO com.erkang.integration.storage.MinioService -- 文件上传成功: bucket=erkang-files, object=medical/2025/12/31/5a499007_Pcdg.txt, size=6
23:46:46.202 [main] INFO com.erkang.integration.storage.MinioService -- 文件上传成功: bucket=erkang-files, object=medical/2025/12/31/31673747_LWFXKWLnSH.txt, size=5
23:46:46.203 [main] INFO com.erkang.integration.storage.MinioService -- 文件上传成功: bucket=erkang-files, object=medical/2025/12/31/eeae8052_zGz.txt, size=6
23:46:46.204 [main] INFO com.erkang.integration.storage.MinioService -- 文件上传成功: bucket=erkang-files, object=medical/2025/12/31/2080b04d_P.txt, size=11
23:46:46.205 [main] INFO com.erkang.integration.storage.MinioService -- 文件上传成功: bucket=erkang-files, object=report/2025/12/31/3d36faf0_a.txt, size=1
23:46:46.206 [main] INFO com.erkang.integration.storage.MinioService -- 文件上传成功: bucket=erkang-files, object=attachment/2025/12/31/dc9f584f_HzKSbZdll.txt, size=4
23:46:46.207 [main] INFO com.erkang.integration.storage.MinioService -- 文件上传成功: bucket=erkang-files, object=prescription/2025/12/31/242e6f34_wXS.txt, size=1
23:46:46.207 [main] INFO com.erkang.integration.storage.MinioService -- 文件上传成功: bucket=erkang-files, object=prescription/2025/12/31/871206b6_b.txt, size=10
23:46:46.208 [main] INFO com.erkang.integration.storage.MinioService -- 文件上传成功: bucket=erkang-files, object=prescription/2025/12/31/a5e79a87_mzHuRKpvcfiMtTTLeCgMmMv.txt, size=4
23:46:46.209 [main] INFO com.erkang.integration.storage.MinioService -- 文件上传成功: bucket=erkang-files, object=attachment/2025/12/31/3d64256b_X.txt, size=11
23:46:46.210 [main] INFO com.erkang.integration.storage.MinioService -- 文件上传成功: bucket=erkang-files, object=report/2025/12/31/012688c4_uLk.txt, size=2
23:46:46.213 [main] INFO com.erkang.integration.storage.MinioService -- 文件上传成功: bucket=erkang-files, object=report/2025/12/31/77e626dc_ZoogLJGAXke.txt, size=1141
23:46:46.214 [main] INFO com.erkang.integration.storage.MinioService -- 文件上传成功: bucket=erkang-files, object=report/2025/12/31/2f585104_VwHxxESgfH.txt, size=8
23:46:46.215 [main] INFO com.erkang.integration.storage.MinioService -- 文件上传成功: bucket=erkang-files, object=medical/2025/12/31/caa6bac0_DS.txt, size=1
23:46:46.216 [main] INFO com.erkang.integration.storage.MinioService -- 文件上传成功: bucket=erkang-files, object=medical/2025/12/31/f0c731ad_z.txt, size=1
23:46:46.222 [main] INFO com.erkang.integration.storage.MinioService -- 文件上传成功: bucket=erkang-files, object=prescription/2025/12/31/49f64f84_z.txt, size=3483
23:46:46.223 [main] INFO com.erkang.integration.storage.MinioService -- 文件上传成功: bucket=erkang-files, object=report/2025/12/31/1e1b8b11_oBNULMyRzagSCpoOVimIdPpEmgWRCBCCFxkZlhPH.txt, size=4
23:46:46.224 [main] INFO com.erkang.integration.storage.MinioService -- 文件上传成功: bucket=erkang-files, object=report/2025/12/31/29de159c_z.txt, size=1
23:46:46.225 [main] INFO com.erkang.integration.storage.MinioService -- 文件上传成功: bucket=erkang-files, object=report/2025/12/31/29be71d4_rvVVRzRF.txt, size=11
23:46:46.226 [main] INFO com.erkang.integration.storage.MinioService -- 文件上传成功: bucket=erkang-files, object=medical/2025/12/31/c519aac8_FNSyWcHGMUvNtyUVMSIiXUnfRbGAXtbPvJfcBigSMdEiFUw.txt, size=8
23:46:46.226 [main] INFO com.erkang.integration.storage.MinioService -- 文件上传成功: bucket=erkang-files, object=attachment/2025/12/31/f2225aec_YNSlk.txt, size=4
23:46:46.227 [main] INFO com.erkang.integration.storage.MinioService -- 文件上传成功: bucket=erkang-files, object=attachment/2025/12/31/25a12718_pxNqLM.txt, size=5
23:46:46.235 [main] INFO com.erkang.integration.storage.MinioService -- 文件上传成功: bucket=erkang-files, object=prescription/2025/12/31/7e7584c6_TE.txt, size=4781
23:46:46.236 [main] INFO com.erkang.integration.storage.MinioService -- 文件上传成功: bucket=erkang-files, object=medical/2025/12/31/d0cea971_A.txt, size=8
23:46:46.238 [main] INFO com.erkang.integration.storage.MinioService -- 文件上传成功: bucket=erkang-files, object=attachment/2025/12/31/8514dec8_OHdsfmsnhc.txt, size=8
23:46:46.239 [main] INFO com.erkang.integration.storage.MinioService -- 文件上传成功: bucket=erkang-files, object=attachment/2025/12/31/12e46f95_qRXObrAV.txt, size=5
23:46:46.241 [main] INFO com.erkang.integration.storage.MinioService -- 文件上传成功: bucket=erkang-files, object=report/2025/12/31/bd7830de_c.txt, size=4
23:46:46.241 [main] INFO com.erkang.integration.storage.MinioService -- 文件上传成功: bucket=erkang-files, object=medical/2025/12/31/75434339_bVAoWtcd.txt, size=6
23:46:46.242 [main] INFO com.erkang.integration.storage.MinioService -- 文件上传成功: bucket=erkang-files, object=report/2025/12/31/ba50b7bb_M.txt, size=5
23:46:46.243 [main] INFO com.erkang.integration.storage.MinioService -- 文件上传成功: bucket=erkang-files, object=report/2025/12/31/8ce150b0_TiRuqRsBxAGZDdNOmjusHRKAxvgChrTPKUcXrFtFZuAxeLLMWa.txt, size=11
23:46:46.245 [main] INFO com.erkang.integration.storage.MinioService -- 文件上传成功: bucket=erkang-files, object=prescription/2025/12/31/aa38d9d2_wYOMlENQp.txt, size=2
23:46:46.246 [main] INFO com.erkang.integration.storage.MinioService -- 文件上传成功: bucket=erkang-files, object=medical/2025/12/31/dadf724b_mARDIdifqctbsmzjpWvCJvqHEIpdspY.txt, size=11
23:46:46.253 [main] INFO com.erkang.integration.storage.MinioService -- 文件上传成功: bucket=erkang-files, object=report/2025/12/31/73147b18_z.txt, size=4366
23:46:46.254 [main] INFO com.erkang.integration.storage.MinioService -- 文件上传成功: bucket=erkang-files, object=attachment/2025/12/31/c37b1cd0_ObM.txt, size=1
23:46:46.256 [main] INFO com.erkang.integration.storage.MinioService -- 文件上传成功: bucket=erkang-files, object=prescription/2025/12/31/39d008d9_rad.txt, size=2
23:46:46.257 [main] INFO com.erkang.integration.storage.MinioService -- 文件上传成功: bucket=erkang-files, object=medical/2025/12/31/dffa2859_A.txt, size=1
23:46:46.258 [main] INFO com.erkang.integration.storage.MinioService -- 文件上传成功: bucket=erkang-files, object=report/2025/12/31/eb32b4e4_DGoAzUFyP.txt, size=2
23:46:46.259 [main] INFO com.erkang.integration.storage.MinioService -- 文件上传成功: bucket=erkang-files, object=medical/2025/12/31/7f096a57_NTtOqsvY.txt, size=1
23:46:46.260 [main] INFO com.erkang.integration.storage.MinioService -- 文件上传成功: bucket=erkang-files, object=prescription/2025/12/31/b767c6aa_jFzrugFq.txt, size=3
23:46:46.261 [main] INFO com.erkang.integration.storage.MinioService -- 文件上传成功: bucket=erkang-files, object=report/2025/12/31/6d716c97_hzrLJa.txt, size=11
23:46:46.262 [main] INFO com.erkang.integration.storage.MinioService -- 文件上传成功: bucket=erkang-files, object=report/2025/12/31/67f1eadc_EOjFliGOMSpvkMiAVrQBTWOeM.txt, size=2
23:46:46.263 [main] INFO com.erkang.integration.storage.MinioService -- 文件上传成功: bucket=erkang-files, object=report/2025/12/31/9b596e94_A.txt, size=1
23:46:46.264 [main] INFO com.erkang.integration.storage.MinioService -- 文件上传成功: bucket=erkang-files, object=report/2025/12/31/7da3fd3d_vn.txt, size=9
23:46:46.265 [main] INFO com.erkang.integration.storage.MinioService -- 文件上传成功: bucket=erkang-files, object=medical/2025/12/31/0ec05702_Z.txt, size=1
23:46:46.265 [main] INFO com.erkang.integration.storage.MinioService -- 文件上传成功: bucket=erkang-files, object=prescription/2025/12/31/ea44ccc0_tlOqnPyK.txt, size=11
23:46:46.266 [main] INFO com.erkang.integration.storage.MinioService -- 文件上传成功: bucket=erkang-files, object=prescription/2025/12/31/0ec259e8_gARcipNbUTM.txt, size=5
23:46:46.267 [main] INFO com.erkang.integration.storage.MinioService -- 文件上传成功: bucket=erkang-files, object=prescription/2025/12/31/f9623613_UgzWYfxl.txt, size=11
23:46:46.268 [main] INFO com.erkang.integration.storage.MinioService -- 文件上传成功: bucket=erkang-files, object=report/2025/12/31/03588581_cdYuceEqZ.txt, size=7
23:46:46.269 [main] INFO com.erkang.integration.storage.MinioService -- 文件上传成功: bucket=erkang-files, object=medical/2025/12/31/566fa85a_k.txt, size=9
23:46:46.271 [main] INFO com.erkang.integration.storage.MinioService -- 文件上传成功: bucket=erkang-files, object=report/2025/12/31/dac001f5_dNcc.txt, size=1
23:46:46.272 [main] INFO com.erkang.integration.storage.MinioService -- 文件上传成功: bucket=erkang-files, object=attachment/2025/12/31/17669096_LAMRPf.txt, size=1
23:46:46.274 [main] INFO com.erkang.integration.storage.MinioService -- 文件上传成功: bucket=erkang-files, object=medical/2025/12/31/47075029_JTIZVIfl.txt, size=5
23:46:46.275 [main] INFO com.erkang.integration.storage.MinioService -- 文件上传成功: bucket=erkang-files, object=report/2025/12/31/ed47bbf5_Z.txt, size=1
23:46:46.281 [main] INFO com.erkang.integration.storage.MinioService -- 文件上传成功: bucket=erkang-files, object=medical/2025/12/31/31163e6e_fYtrCj.txt, size=4086
23:46:46.282 [main] INFO com.erkang.integration.storage.MinioService -- 文件上传成功: bucket=erkang-files, object=attachment/2025/12/31/539d199b_SJtdcnrs.txt, size=9
23:46:46.283 [main] INFO com.erkang.integration.storage.MinioService -- 文件上传成功: bucket=erkang-files, object=prescription/2025/12/31/8edd7bd3_GsAPqC.txt, size=3
23:46:46.284 [main] INFO com.erkang.integration.storage.MinioService -- 文件上传成功: bucket=erkang-files, object=medical/2025/12/31/ba3d41d5_PJQ.txt, size=6
23:46:46.286 [main] INFO com.erkang.integration.storage.MinioService -- 文件上传成功: bucket=erkang-files, object=medical/2025/12/31/de3632cf_a.txt, size=1
23:46:46.286 [main] INFO com.erkang.integration.storage.MinioService -- 文件上传成功: bucket=erkang-files, object=medical/2025/12/31/9d6989eb_pHuhY.txt, size=7
23:46:46.287 [main] INFO com.erkang.integration.storage.MinioService -- 文件上传成功: bucket=erkang-files, object=attachment/2025/12/31/c582107b_qeAqwyh.txt, size=4
23:46:46.288 [main] INFO com.erkang.integration.storage.MinioService -- 文件上传成功: bucket=erkang-files, object=prescription/2025/12/31/94fc91d5_iZYGgBQtmYN.txt, size=10
23:46:46.291 [main] INFO com.erkang.integration.storage.MinioService -- 文件上传成功: bucket=erkang-files, object=medical/2025/12/31/d9ca85f1_m.txt, size=7
23:46:46.292 [main] INFO com.erkang.integration.storage.MinioService -- 文件上传成功: bucket=erkang-files, object=attachment/2025/12/31/11fbd042_chDA.txt, size=1
23:46:46.293 [main] INFO com.erkang.integration.storage.MinioService -- 文件上传成功: bucket=erkang-files, object=attachment/2025/12/31/5f2d5ca0_nGMxOEPYtYsAQUkhEEFOxfxsdGHqPgyAeEfxwqdtj.txt, size=6
23:46:46.295 [main] INFO com.erkang.integration.storage.MinioService -- 文件上传成功: bucket=erkang-files, object=report/2025/12/31/1bbfe06b_hjvTGPgCMfA.txt, size=8
23:46:46.295 [main] INFO com.erkang.integration.storage.MinioService -- 文件上传成功: bucket=erkang-files, object=report/2025/12/31/6644ce3a_a.txt, size=1
23:46:46.296 [main] INFO com.erkang.integration.storage.MinioService -- 文件上传成功: bucket=erkang-files, object=prescription/2025/12/31/8d68f3da_HhX.txt, size=11
23:46:46.297 [main] INFO com.erkang.integration.storage.MinioService -- 文件上传成功: bucket=erkang-files, object=medical/2025/12/31/90c4a0ce_z.txt, size=1
23:46:46.298 [main] INFO com.erkang.integration.storage.MinioService -- 文件上传成功: bucket=erkang-files, object=prescription/2025/12/31/48719b3b_fXKBHKK.txt, size=11
23:46:46.298 [main] INFO com.erkang.integration.storage.MinioService -- 文件上传成功: bucket=erkang-files, object=attachment/2025/12/31/aca2f157_LwE.txt, size=4
23:46:46.299 [main] INFO com.erkang.integration.storage.MinioService -- 文件上传成功: bucket=erkang-files, object=report/2025/12/31/d3936579_z.txt, size=1
23:46:46.303 [main] INFO com.erkang.integration.storage.MinioService -- 文件上传成功: bucket=erkang-files, object=report/2025/12/31/aa7f122d_WcdXVviZr.txt, size=2013
23:46:46.317 [main] INFO com.erkang.integration.storage.MinioService -- 文件上传成功: bucket=erkang-files, object=medical/2025/12/31/399d413e_O.txt, size=10000
23:46:46.319 [main] INFO com.erkang.integration.storage.MinioService -- 文件上传成功: bucket=erkang-files, object=report/2025/12/31/908733bc_TXy.txt, size=5
23:46:46.320 [main] INFO com.erkang.integration.storage.MinioService -- 文件上传成功: bucket=erkang-files, object=report/2025/12/31/ee431d26_NdLzFHMy.txt, size=9
23:46:46.327 [main] INFO com.erkang.integration.storage.MinioService -- 文件上传成功: bucket=erkang-files, object=prescription/2025/12/31/b856c63d_RepBgAlzJrgba.txt, size=4626
23:46:46.329 [main] INFO com.erkang.integration.storage.MinioService -- 文件上传成功: bucket=erkang-files, object=medical/2025/12/31/146ae949_vU.txt, size=10
23:46:46.330 [main] INFO com.erkang.integration.storage.MinioService -- 文件上传成功: bucket=erkang-files, object=report/2025/12/31/4df3be62_A.txt, size=6
23:46:46.331 [main] INFO com.erkang.integration.storage.MinioService -- 文件上传成功: bucket=erkang-files, object=report/2025/12/31/83cf4d63_YsP.txt, size=6
23:46:46.338 [main] INFO com.erkang.integration.storage.MinioService -- 文件上传成功: bucket=erkang-files, object=prescription/2025/12/31/7a5725f3_epYKRoGAwy.txt, size=5083
23:46:46.340 [main] INFO com.erkang.integration.storage.MinioService -- 文件上传成功: bucket=erkang-files, object=attachment/2025/12/31/c2cb0d9b_Mf.txt, size=5
timestamp = 2025-12-31T23:46:46.340606200, FileStoragePropertyTest:uploadThenDownloadShouldReturnSameContent = 
                              |-----------------------jqwik-----------------------
tries = 100                   | # of calls to property
checks = 100                  | # of not rejected calls
generation = RANDOMIZED       | parameters are randomly generated
after-failure = SAMPLE_FIRST  | try previously failed sample, then previous seed
when-fixed-seed = ALLOW       | fixing the random seed is allowed
edge-cases#mode = MIXIN       | edge cases are mixed in
edge-cases#total = 72         | # of all combined edge cases
edge-cases#tried = 16         | # of edge cases tried in current run
seed = 675065206404561658     | random seed to reproduce generated values


]]></system-out>
  </testcase>
</testsuite>